<html>
<head>
<title>TestNG:  Test</title>
<link href="../testng.css" rel="stylesheet" type="text/css" />
<link href="../my-testng.css" rel="stylesheet" type="text/css" />

<style type="text/css">
.log { display: none;} 
.stack-trace { display: none;} 
</style>
<script type="text/javascript">
<!--
function flip(e) {
  current = e.style.display;
  if (current == 'block') {
    e.style.display = 'none';
    return 0;
  }
  else {
    e.style.display = 'block';
    return 1;
  }
}

function toggleBox(szDivId, elem, msg1, msg2)
{
  var res = -1;  if (document.getElementById) {
    res = flip(document.getElementById(szDivId));
  }
  else if (document.all) {
    // this is the way old msie versions work
    res = flip(document.all[szDivId]);
  }
  if(elem) {
    if(res == 0) elem.innerHTML = msg1; else elem.innerHTML = msg2;
  }

}

function toggleAllBoxes() {
  if (document.getElementsByTagName) {
    d = document.getElementsByTagName('div');
    for (i = 0; i < d.length; i++) {
      if (d[i].className == 'log') {
        flip(d[i]);
      }
    }
  }
}

// -->
</script>

</head>
<body>
<h2 align='center'>Test</h2><table border='1' align="center">
<tr>
<td>Tests passed/Failed/Skipped:</td><td>9/4/1</td>
</tr><tr>
<td>Started on:</td><td>Tue Feb 13 12:06:33 CST 2018</td>
</tr>
<tr><td>Total time:</td><td>398 seconds (398576 ms)</td>
</tr><tr>
<td>Included groups:</td><td></td>
</tr><tr>
<td>Excluded groups:</td><td></td>
</tr>
</table><p/>
<small><i>(Hover the method name to see the test class name)</i></small><p/>
<table width='100%' border='1' class='invocation-failed'>
<tr><td colspan='4' align='center'><b>FAILED TESTS</b></td></tr>
<tr><td><b>Test method</b></td>
<td width="30%"><b>Exception</b></td>
<td width="10%"><b>Time (seconds)</b></td>
<td><b>Instance</b></td>
</tr>
<tr>
<td title='com.qtpselenium.Zoho.project.testcases.LeadTest.convertLead()'><b>convertLead</b><br>Test class: com.qtpselenium.Zoho.project.testcases.LeadTest<br>Parameters: Y, Mozilla, RATAN TATA, Rama</td>
<td><div><pre>org.openqa.selenium.InvalidElementStateException: Element is not enabled
Build info: version: &apos;3.8.1&apos;, revision: &apos;6e95a6684b&apos;, time: &apos;2017-12-01T18:33:54.468Z&apos;
System info: host: &apos;DESKTOP-1ESRFEC&apos;, ip: &apos;192.168.1.10&apos;, os.name: &apos;Windows 10&apos;, os.arch: &apos;amd64&apos;, os.version: &apos;10.0&apos;, java.version: &apos;1.8.0_144&apos;
Driver info: org.openqa.selenium.firefox.FirefoxDriver
Capabilities {acceptInsecureCerts: true, browserName: firefox, browserVersion: 56.0.2, javascriptEnabled: true, moz:accessibilityChecks: false, moz:headless: false, moz:processID: 16524, moz:profile: C:\Users\jayav\AppData\Loca..., pageLoadStrategy: normal, platform: XP, platformName: XP, platformVersion: 10.0, rotatable: false, specificationLevel: 0, timeouts: {implicit: 0, pageLoad: 300000, script: 30000}}
Session ID: 1faac13e-46f8-485d-8da2-23b94fcfb058
	at org.openqa.selenium.remote.http.W3CHttpResponseCodec.createException(W3CHttpResponseCodec.java:187)
	at org.openqa.selenium.remote.http.W3CHttpResponseCodec.decode(W3CHttpResponseCodec.java:122)
	at org.openqa.selenium.remote.http.W3CHttpResponseCodec.decode(W3CHttpResponseCodec.java:49)
	at org.openqa.selenium.remote.HttpCommandExecutor.execute(HttpCommandExecutor.java:164)
	at org.openqa.selenium.remote.service.DriverCommandExecutor.execute(DriverCommandExecutor.java:83)
	at org.openqa.selenium.remote.RemoteWebDriver.execute(RemoteWebDriver.java:601)
	at org.openqa.selenium.remote.RemoteWebElement.execute(RemoteWebElement.java:279)
	at org.openqa.selenium.remote.RemoteWebElement.click(RemoteWebElement.java:83)
	at com.qtpselenium.Zoho.project.BaseTest.Testcase_BaseClass.click(Testcase_BaseClass.java:87)
	at com.qtpselenium.Zoho.project.testcases.LeadTest.convertLead(LeadTest.java:201)
... Removed 29 stack frames</pre></div><a href='#' onClick='toggleBox("stack-trace512256603", this, "Click to show all stack frames", "Click to hide stack frames")'>Click to show all stack frames</a>
<div class='stack-trace' id='stack-trace512256603'><pre>org.openqa.selenium.InvalidElementStateException: Element is not enabled
Build info: version: &apos;3.8.1&apos;, revision: &apos;6e95a6684b&apos;, time: &apos;2017-12-01T18:33:54.468Z&apos;
System info: host: &apos;DESKTOP-1ESRFEC&apos;, ip: &apos;192.168.1.10&apos;, os.name: &apos;Windows 10&apos;, os.arch: &apos;amd64&apos;, os.version: &apos;10.0&apos;, java.version: &apos;1.8.0_144&apos;
Driver info: org.openqa.selenium.firefox.FirefoxDriver
Capabilities {acceptInsecureCerts: true, browserName: firefox, browserVersion: 56.0.2, javascriptEnabled: true, moz:accessibilityChecks: false, moz:headless: false, moz:processID: 16524, moz:profile: C:\Users\jayav\AppData\Loca..., pageLoadStrategy: normal, platform: XP, platformName: XP, platformVersion: 10.0, rotatable: false, specificationLevel: 0, timeouts: {implicit: 0, pageLoad: 300000, script: 30000}}
Session ID: 1faac13e-46f8-485d-8da2-23b94fcfb058
	at sun.reflect.NativeConstructorAccessorImpl.newInstance0(Native Method)
	at sun.reflect.NativeConstructorAccessorImpl.newInstance(Unknown Source)
	at sun.reflect.DelegatingConstructorAccessorImpl.newInstance(Unknown Source)
	at java.lang.reflect.Constructor.newInstance(Unknown Source)
	at org.openqa.selenium.remote.http.W3CHttpResponseCodec.createException(W3CHttpResponseCodec.java:187)
	at org.openqa.selenium.remote.http.W3CHttpResponseCodec.decode(W3CHttpResponseCodec.java:122)
	at org.openqa.selenium.remote.http.W3CHttpResponseCodec.decode(W3CHttpResponseCodec.java:49)
	at org.openqa.selenium.remote.HttpCommandExecutor.execute(HttpCommandExecutor.java:164)
	at org.openqa.selenium.remote.service.DriverCommandExecutor.execute(DriverCommandExecutor.java:83)
	at org.openqa.selenium.remote.RemoteWebDriver.execute(RemoteWebDriver.java:601)
	at org.openqa.selenium.remote.RemoteWebElement.execute(RemoteWebElement.java:279)
	at org.openqa.selenium.remote.RemoteWebElement.click(RemoteWebElement.java:83)
	at com.qtpselenium.Zoho.project.BaseTest.Testcase_BaseClass.click(Testcase_BaseClass.java:87)
	at com.qtpselenium.Zoho.project.testcases.LeadTest.convertLead(LeadTest.java:201)
	at sun.reflect.NativeMethodAccessorImpl.invoke0(Native Method)
	at sun.reflect.NativeMethodAccessorImpl.invoke(Unknown Source)
	at sun.reflect.DelegatingMethodAccessorImpl.invoke(Unknown Source)
	at java.lang.reflect.Method.invoke(Unknown Source)
	at org.testng.internal.MethodInvocationHelper.invokeMethod(MethodInvocationHelper.java:124)
	at org.testng.internal.Invoker.invokeMethod(Invoker.java:571)
	at org.testng.internal.Invoker.invokeTestMethod(Invoker.java:707)
	at org.testng.internal.Invoker.invokeTestMethods(Invoker.java:979)
	at org.testng.internal.TestMethodWorker.invokeTestMethods(TestMethodWorker.java:125)
	at org.testng.internal.TestMethodWorker.run(TestMethodWorker.java:109)
	at org.testng.TestRunner.privateRun(TestRunner.java:648)
	at org.testng.TestRunner.run(TestRunner.java:505)
	at org.testng.SuiteRunner.runTest(SuiteRunner.java:455)
	at org.testng.SuiteRunner.runSequentially(SuiteRunner.java:450)
	at org.testng.SuiteRunner.privateRun(SuiteRunner.java:415)
	at org.testng.SuiteRunner.run(SuiteRunner.java:364)
	at org.testng.SuiteRunnerWorker.runSuite(SuiteRunnerWorker.java:52)
	at org.testng.SuiteRunnerWorker.run(SuiteRunnerWorker.java:84)
	at org.testng.TestNG.runSuitesSequentially(TestNG.java:1187)
	at org.testng.TestNG.runSuitesLocally(TestNG.java:1116)
	at org.testng.TestNG.runSuites(TestNG.java:1028)
	at org.testng.TestNG.run(TestNG.java:996)
	at org.testng.remote.AbstractRemoteTestNG.run(AbstractRemoteTestNG.java:114)
	at org.testng.remote.RemoteTestNG.initAndRun(RemoteTestNG.java:251)
	at org.testng.remote.RemoteTestNG.main(RemoteTestNG.java:77)
</pre></div></td>
<td>31</td>
<td>com.qtpselenium.Zoho.project.testcases.LeadTest@40e6dfe1</td></tr>
<tr>
<td title='com.qtpselenium.Zoho.project.testcases.LeadTest.convertLead()'><b>convertLead</b><br>Test class: com.qtpselenium.Zoho.project.testcases.LeadTest<br>Parameters: Y, IE, FCFSS, Sreelatha</td>
<td><div><pre>java.lang.AssertionError: Unable to find element with css selector == #lid
For documentation on this error, please visit: http://seleniumhq.org/exceptions/no_such_element.html
Build info: version: &apos;3.8.1&apos;, revision: &apos;6e95a6684b&apos;, time: &apos;2017-12-01T18:33:54.468Z&apos;
System info: host: &apos;DESKTOP-1ESRFEC&apos;, ip: &apos;192.168.1.10&apos;, os.name: &apos;Windows 10&apos;, os.arch: &apos;amd64&apos;, os.version: &apos;10.0&apos;, java.version: &apos;1.8.0_144&apos;
Driver info: org.openqa.selenium.ie.InternetExplorerDriver
Capabilities {acceptInsecureCerts: false, browserName: internet explorer, browserVersion: 11, javascriptEnabled: true, pageLoadStrategy: normal, platform: WINDOWS, platformName: WINDOWS, se:ieOptions: {browserAttachTimeout: 0, elementScrollBehavior: 0, enablePersistentHover: true, ie.browserCommandLineSwitches: , ie.ensureCleanSession: false, ie.fileUploadDialogTimeout: 3000, ie.forceCreateProcessApi: false, ignoreProtectedModeSettings: false, ignoreZoomSetting: false, initialBrowserUrl: http://localhost:36092/, nativeEvents: true, requireWindowFocus: false}, setWindowRect: true}
Session ID: f7fdd7da-67d1-4ee9-afee-4ea80d560dbf
*** Element info: {Using=id, value=lid}
	at com.qtpselenium.Zoho.project.BaseTest.Testcase_BaseClass.reportFail(Testcase_BaseClass.java:204)
	at com.qtpselenium.Zoho.project.BaseTest.Testcase_BaseClass.getElement(Testcase_BaseClass.java:123)
	at com.qtpselenium.Zoho.project.BaseTest.Testcase_BaseClass.click(Testcase_BaseClass.java:87)
	at com.qtpselenium.Zoho.project.BaseTest.Testcase_BaseClass.doLogin(Testcase_BaseClass.java:226)
	at com.qtpselenium.Zoho.project.testcases.LeadTest.convertLead(LeadTest.java:164)
... Removed 26 stack frames</pre></div><a href='#' onClick='toggleBox("stack-trace201804812", this, "Click to show all stack frames", "Click to hide stack frames")'>Click to show all stack frames</a>
<div class='stack-trace' id='stack-trace201804812'><pre>java.lang.AssertionError: Unable to find element with css selector == #lid
For documentation on this error, please visit: http://seleniumhq.org/exceptions/no_such_element.html
Build info: version: &apos;3.8.1&apos;, revision: &apos;6e95a6684b&apos;, time: &apos;2017-12-01T18:33:54.468Z&apos;
System info: host: &apos;DESKTOP-1ESRFEC&apos;, ip: &apos;192.168.1.10&apos;, os.name: &apos;Windows 10&apos;, os.arch: &apos;amd64&apos;, os.version: &apos;10.0&apos;, java.version: &apos;1.8.0_144&apos;
Driver info: org.openqa.selenium.ie.InternetExplorerDriver
Capabilities {acceptInsecureCerts: false, browserName: internet explorer, browserVersion: 11, javascriptEnabled: true, pageLoadStrategy: normal, platform: WINDOWS, platformName: WINDOWS, se:ieOptions: {browserAttachTimeout: 0, elementScrollBehavior: 0, enablePersistentHover: true, ie.browserCommandLineSwitches: , ie.ensureCleanSession: false, ie.fileUploadDialogTimeout: 3000, ie.forceCreateProcessApi: false, ignoreProtectedModeSettings: false, ignoreZoomSetting: false, initialBrowserUrl: http://localhost:36092/, nativeEvents: true, requireWindowFocus: false}, setWindowRect: true}
Session ID: f7fdd7da-67d1-4ee9-afee-4ea80d560dbf
*** Element info: {Using=id, value=lid}
	at org.testng.Assert.fail(Assert.java:96)
	at com.qtpselenium.Zoho.project.BaseTest.Testcase_BaseClass.reportFail(Testcase_BaseClass.java:204)
	at com.qtpselenium.Zoho.project.BaseTest.Testcase_BaseClass.getElement(Testcase_BaseClass.java:123)
	at com.qtpselenium.Zoho.project.BaseTest.Testcase_BaseClass.click(Testcase_BaseClass.java:87)
	at com.qtpselenium.Zoho.project.BaseTest.Testcase_BaseClass.doLogin(Testcase_BaseClass.java:226)
	at com.qtpselenium.Zoho.project.testcases.LeadTest.convertLead(LeadTest.java:164)
	at sun.reflect.NativeMethodAccessorImpl.invoke0(Native Method)
	at sun.reflect.NativeMethodAccessorImpl.invoke(Unknown Source)
	at sun.reflect.DelegatingMethodAccessorImpl.invoke(Unknown Source)
	at java.lang.reflect.Method.invoke(Unknown Source)
	at org.testng.internal.MethodInvocationHelper.invokeMethod(MethodInvocationHelper.java:124)
	at org.testng.internal.Invoker.invokeMethod(Invoker.java:571)
	at org.testng.internal.Invoker.invokeTestMethod(Invoker.java:707)
	at org.testng.internal.Invoker.invokeTestMethods(Invoker.java:979)
	at org.testng.internal.TestMethodWorker.invokeTestMethods(TestMethodWorker.java:125)
	at org.testng.internal.TestMethodWorker.run(TestMethodWorker.java:109)
	at org.testng.TestRunner.privateRun(TestRunner.java:648)
	at org.testng.TestRunner.run(TestRunner.java:505)
	at org.testng.SuiteRunner.runTest(SuiteRunner.java:455)
	at org.testng.SuiteRunner.runSequentially(SuiteRunner.java:450)
	at org.testng.SuiteRunner.privateRun(SuiteRunner.java:415)
	at org.testng.SuiteRunner.run(SuiteRunner.java:364)
	at org.testng.SuiteRunnerWorker.runSuite(SuiteRunnerWorker.java:52)
	at org.testng.SuiteRunnerWorker.run(SuiteRunnerWorker.java:84)
	at org.testng.TestNG.runSuitesSequentially(TestNG.java:1187)
	at org.testng.TestNG.runSuitesLocally(TestNG.java:1116)
	at org.testng.TestNG.runSuites(TestNG.java:1028)
	at org.testng.TestNG.run(TestNG.java:996)
	at org.testng.remote.AbstractRemoteTestNG.run(AbstractRemoteTestNG.java:114)
	at org.testng.remote.RemoteTestNG.initAndRun(RemoteTestNG.java:251)
	at org.testng.remote.RemoteTestNG.main(RemoteTestNG.java:77)
</pre></div></td>
<td>19</td>
<td>com.qtpselenium.Zoho.project.testcases.LeadTest@40e6dfe1</td></tr>
<tr>
<td title='com.qtpselenium.Zoho.project.testcases.LeadTest.createLead()'><b>createLead</b><br>Test class: com.qtpselenium.Zoho.project.testcases.LeadTest<br>Parameters: Y, IE, FCFSS, Sreelatha</td>
<td><div><pre>java.lang.AssertionError: Unable to find element with css selector == #lid
For documentation on this error, please visit: http://seleniumhq.org/exceptions/no_such_element.html
Build info: version: &apos;3.8.1&apos;, revision: &apos;6e95a6684b&apos;, time: &apos;2017-12-01T18:33:54.468Z&apos;
System info: host: &apos;DESKTOP-1ESRFEC&apos;, ip: &apos;192.168.1.10&apos;, os.name: &apos;Windows 10&apos;, os.arch: &apos;amd64&apos;, os.version: &apos;10.0&apos;, java.version: &apos;1.8.0_144&apos;
Driver info: org.openqa.selenium.ie.InternetExplorerDriver
Capabilities {acceptInsecureCerts: false, browserName: internet explorer, browserVersion: 11, javascriptEnabled: true, pageLoadStrategy: normal, platform: WINDOWS, platformName: WINDOWS, se:ieOptions: {browserAttachTimeout: 0, elementScrollBehavior: 0, enablePersistentHover: true, ie.browserCommandLineSwitches: , ie.ensureCleanSession: false, ie.fileUploadDialogTimeout: 3000, ie.forceCreateProcessApi: false, ignoreProtectedModeSettings: false, ignoreZoomSetting: false, initialBrowserUrl: http://localhost:38425/, nativeEvents: true, requireWindowFocus: false}, setWindowRect: true}
Session ID: 680dad16-bd2e-4669-9bbb-ad64d66344ac
*** Element info: {Using=id, value=lid}
	at com.qtpselenium.Zoho.project.BaseTest.Testcase_BaseClass.reportFail(Testcase_BaseClass.java:204)
	at com.qtpselenium.Zoho.project.BaseTest.Testcase_BaseClass.getElement(Testcase_BaseClass.java:123)
	at com.qtpselenium.Zoho.project.BaseTest.Testcase_BaseClass.click(Testcase_BaseClass.java:87)
	at com.qtpselenium.Zoho.project.BaseTest.Testcase_BaseClass.doLogin(Testcase_BaseClass.java:226)
	at com.qtpselenium.Zoho.project.testcases.LeadTest.createLead(LeadTest.java:49)
... Removed 26 stack frames</pre></div><a href='#' onClick='toggleBox("stack-trace1420810053", this, "Click to show all stack frames", "Click to hide stack frames")'>Click to show all stack frames</a>
<div class='stack-trace' id='stack-trace1420810053'><pre>java.lang.AssertionError: Unable to find element with css selector == #lid
For documentation on this error, please visit: http://seleniumhq.org/exceptions/no_such_element.html
Build info: version: &apos;3.8.1&apos;, revision: &apos;6e95a6684b&apos;, time: &apos;2017-12-01T18:33:54.468Z&apos;
System info: host: &apos;DESKTOP-1ESRFEC&apos;, ip: &apos;192.168.1.10&apos;, os.name: &apos;Windows 10&apos;, os.arch: &apos;amd64&apos;, os.version: &apos;10.0&apos;, java.version: &apos;1.8.0_144&apos;
Driver info: org.openqa.selenium.ie.InternetExplorerDriver
Capabilities {acceptInsecureCerts: false, browserName: internet explorer, browserVersion: 11, javascriptEnabled: true, pageLoadStrategy: normal, platform: WINDOWS, platformName: WINDOWS, se:ieOptions: {browserAttachTimeout: 0, elementScrollBehavior: 0, enablePersistentHover: true, ie.browserCommandLineSwitches: , ie.ensureCleanSession: false, ie.fileUploadDialogTimeout: 3000, ie.forceCreateProcessApi: false, ignoreProtectedModeSettings: false, ignoreZoomSetting: false, initialBrowserUrl: http://localhost:38425/, nativeEvents: true, requireWindowFocus: false}, setWindowRect: true}
Session ID: 680dad16-bd2e-4669-9bbb-ad64d66344ac
*** Element info: {Using=id, value=lid}
	at org.testng.Assert.fail(Assert.java:96)
	at com.qtpselenium.Zoho.project.BaseTest.Testcase_BaseClass.reportFail(Testcase_BaseClass.java:204)
	at com.qtpselenium.Zoho.project.BaseTest.Testcase_BaseClass.getElement(Testcase_BaseClass.java:123)
	at com.qtpselenium.Zoho.project.BaseTest.Testcase_BaseClass.click(Testcase_BaseClass.java:87)
	at com.qtpselenium.Zoho.project.BaseTest.Testcase_BaseClass.doLogin(Testcase_BaseClass.java:226)
	at com.qtpselenium.Zoho.project.testcases.LeadTest.createLead(LeadTest.java:49)
	at sun.reflect.NativeMethodAccessorImpl.invoke0(Native Method)
	at sun.reflect.NativeMethodAccessorImpl.invoke(Unknown Source)
	at sun.reflect.DelegatingMethodAccessorImpl.invoke(Unknown Source)
	at java.lang.reflect.Method.invoke(Unknown Source)
	at org.testng.internal.MethodInvocationHelper.invokeMethod(MethodInvocationHelper.java:124)
	at org.testng.internal.Invoker.invokeMethod(Invoker.java:571)
	at org.testng.internal.Invoker.invokeTestMethod(Invoker.java:707)
	at org.testng.internal.Invoker.invokeTestMethods(Invoker.java:979)
	at org.testng.internal.TestMethodWorker.invokeTestMethods(TestMethodWorker.java:125)
	at org.testng.internal.TestMethodWorker.run(TestMethodWorker.java:109)
	at org.testng.TestRunner.privateRun(TestRunner.java:648)
	at org.testng.TestRunner.run(TestRunner.java:505)
	at org.testng.SuiteRunner.runTest(SuiteRunner.java:455)
	at org.testng.SuiteRunner.runSequentially(SuiteRunner.java:450)
	at org.testng.SuiteRunner.privateRun(SuiteRunner.java:415)
	at org.testng.SuiteRunner.run(SuiteRunner.java:364)
	at org.testng.SuiteRunnerWorker.runSuite(SuiteRunnerWorker.java:52)
	at org.testng.SuiteRunnerWorker.run(SuiteRunnerWorker.java:84)
	at org.testng.TestNG.runSuitesSequentially(TestNG.java:1187)
	at org.testng.TestNG.runSuitesLocally(TestNG.java:1116)
	at org.testng.TestNG.runSuites(TestNG.java:1028)
	at org.testng.TestNG.run(TestNG.java:996)
	at org.testng.remote.AbstractRemoteTestNG.run(AbstractRemoteTestNG.java:114)
	at org.testng.remote.RemoteTestNG.initAndRun(RemoteTestNG.java:251)
	at org.testng.remote.RemoteTestNG.main(RemoteTestNG.java:77)
</pre></div></td>
<td>21</td>
<td>com.qtpselenium.Zoho.project.testcases.LeadTest@40e6dfe1</td></tr>
<tr>
<td title='com.qtpselenium.Zoho.project.testcases.LoginTest.loginTest()'><b>loginTest</b><br>Test class: com.qtpselenium.Zoho.project.testcases.LoginTest<br>Parameters: jayav.2007@gmail.com, vgdsgds, fail</td>
<td><div><pre>java.lang.AssertionError: no such element: Unable to locate element: {&quot;method&quot;:&quot;id&quot;,&quot;selector&quot;:&quot;ztb-profile-image-pre&quot;}
  (Session info: chrome=63.0.3239.132)
  (Driver info: chromedriver=2.33.506120 (e3e53437346286c0bc2d2dc9aa4915ba81d9023f),platform=Windows NT 10.0.16299 x86_64) (WARNING: The server did not provide any stacktrace information)
Command duration or timeout: 0 milliseconds
For documentation on this error, please visit: http://seleniumhq.org/exceptions/no_such_element.html
Build info: version: &apos;3.8.1&apos;, revision: &apos;6e95a6684b&apos;, time: &apos;2017-12-01T18:33:54.468Z&apos;
System info: host: &apos;DESKTOP-1ESRFEC&apos;, ip: &apos;192.168.1.10&apos;, os.name: &apos;Windows 10&apos;, os.arch: &apos;amd64&apos;, os.version: &apos;10.0&apos;, java.version: &apos;1.8.0_144&apos;
Driver info: org.openqa.selenium.chrome.ChromeDriver
Capabilities {acceptSslCerts: true, applicationCacheEnabled: false, browserConnectionEnabled: false, browserName: chrome, chrome: {chromedriverVersion: 2.33.506120 (e3e53437346286..., userDataDir: C:\Users\jayav\AppData\Loca...}, cssSelectorsEnabled: true, databaseEnabled: false, handlesAlerts: true, hasTouchScreen: false, javascriptEnabled: true, locationContextEnabled: true, mobileEmulationEnabled: false, nativeEvents: true, networkConnectionEnabled: false, pageLoadStrategy: normal, platform: XP, platformName: XP, rotatable: false, setWindowRect: true, takesHeapSnapshot: true, takesScreenshot: true, unexpectedAlertBehaviour: , unhandledPromptBehavior: , version: 63.0.3239.132, webStorageEnabled: true}
Session ID: a65de2dfd85306945ab1ff9205dcebc7
*** Element info: {Using=id, value=ztb-profile-image-pre}
	at com.qtpselenium.Zoho.project.BaseTest.Testcase_BaseClass.reportFail(Testcase_BaseClass.java:204)
	at com.qtpselenium.Zoho.project.BaseTest.Testcase_BaseClass.getElement(Testcase_BaseClass.java:123)
	at com.qtpselenium.Zoho.project.BaseTest.Testcase_BaseClass.click(Testcase_BaseClass.java:87)
	at com.qtpselenium.Zoho.project.testcases.LoginTest.loginTest(LoginTest.java:51)
... Removed 26 stack frames</pre></div><a href='#' onClick='toggleBox("stack-trace1586470445", this, "Click to show all stack frames", "Click to hide stack frames")'>Click to show all stack frames</a>
<div class='stack-trace' id='stack-trace1586470445'><pre>java.lang.AssertionError: no such element: Unable to locate element: {&quot;method&quot;:&quot;id&quot;,&quot;selector&quot;:&quot;ztb-profile-image-pre&quot;}
  (Session info: chrome=63.0.3239.132)
  (Driver info: chromedriver=2.33.506120 (e3e53437346286c0bc2d2dc9aa4915ba81d9023f),platform=Windows NT 10.0.16299 x86_64) (WARNING: The server did not provide any stacktrace information)
Command duration or timeout: 0 milliseconds
For documentation on this error, please visit: http://seleniumhq.org/exceptions/no_such_element.html
Build info: version: &apos;3.8.1&apos;, revision: &apos;6e95a6684b&apos;, time: &apos;2017-12-01T18:33:54.468Z&apos;
System info: host: &apos;DESKTOP-1ESRFEC&apos;, ip: &apos;192.168.1.10&apos;, os.name: &apos;Windows 10&apos;, os.arch: &apos;amd64&apos;, os.version: &apos;10.0&apos;, java.version: &apos;1.8.0_144&apos;
Driver info: org.openqa.selenium.chrome.ChromeDriver
Capabilities {acceptSslCerts: true, applicationCacheEnabled: false, browserConnectionEnabled: false, browserName: chrome, chrome: {chromedriverVersion: 2.33.506120 (e3e53437346286..., userDataDir: C:\Users\jayav\AppData\Loca...}, cssSelectorsEnabled: true, databaseEnabled: false, handlesAlerts: true, hasTouchScreen: false, javascriptEnabled: true, locationContextEnabled: true, mobileEmulationEnabled: false, nativeEvents: true, networkConnectionEnabled: false, pageLoadStrategy: normal, platform: XP, platformName: XP, rotatable: false, setWindowRect: true, takesHeapSnapshot: true, takesScreenshot: true, unexpectedAlertBehaviour: , unhandledPromptBehavior: , version: 63.0.3239.132, webStorageEnabled: true}
Session ID: a65de2dfd85306945ab1ff9205dcebc7
*** Element info: {Using=id, value=ztb-profile-image-pre}
	at org.testng.Assert.fail(Assert.java:96)
	at com.qtpselenium.Zoho.project.BaseTest.Testcase_BaseClass.reportFail(Testcase_BaseClass.java:204)
	at com.qtpselenium.Zoho.project.BaseTest.Testcase_BaseClass.getElement(Testcase_BaseClass.java:123)
	at com.qtpselenium.Zoho.project.BaseTest.Testcase_BaseClass.click(Testcase_BaseClass.java:87)
	at com.qtpselenium.Zoho.project.testcases.LoginTest.loginTest(LoginTest.java:51)
	at sun.reflect.NativeMethodAccessorImpl.invoke0(Native Method)
	at sun.reflect.NativeMethodAccessorImpl.invoke(Unknown Source)
	at sun.reflect.DelegatingMethodAccessorImpl.invoke(Unknown Source)
	at java.lang.reflect.Method.invoke(Unknown Source)
	at org.testng.internal.MethodInvocationHelper.invokeMethod(MethodInvocationHelper.java:124)
	at org.testng.internal.Invoker.invokeMethod(Invoker.java:571)
	at org.testng.internal.Invoker.invokeTestMethod(Invoker.java:707)
	at org.testng.internal.Invoker.invokeTestMethods(Invoker.java:979)
	at org.testng.internal.TestMethodWorker.invokeTestMethods(TestMethodWorker.java:125)
	at org.testng.internal.TestMethodWorker.run(TestMethodWorker.java:109)
	at org.testng.TestRunner.privateRun(TestRunner.java:648)
	at org.testng.TestRunner.run(TestRunner.java:505)
	at org.testng.SuiteRunner.runTest(SuiteRunner.java:455)
	at org.testng.SuiteRunner.runSequentially(SuiteRunner.java:450)
	at org.testng.SuiteRunner.privateRun(SuiteRunner.java:415)
	at org.testng.SuiteRunner.run(SuiteRunner.java:364)
	at org.testng.SuiteRunnerWorker.runSuite(SuiteRunnerWorker.java:52)
	at org.testng.SuiteRunnerWorker.run(SuiteRunnerWorker.java:84)
	at org.testng.TestNG.runSuitesSequentially(TestNG.java:1187)
	at org.testng.TestNG.runSuitesLocally(TestNG.java:1116)
	at org.testng.TestNG.runSuites(TestNG.java:1028)
	at org.testng.TestNG.run(TestNG.java:996)
	at org.testng.remote.AbstractRemoteTestNG.run(AbstractRemoteTestNG.java:114)
	at org.testng.remote.RemoteTestNG.initAndRun(RemoteTestNG.java:251)
	at org.testng.remote.RemoteTestNG.main(RemoteTestNG.java:77)
</pre></div></td>
<td>26</td>
<td>com.qtpselenium.Zoho.project.testcases.LoginTest@2145433b</td></tr>
</table><p>
<table width='100%' border='1' class='invocation-passed'>
<tr><td colspan='4' align='center'><b>PASSED TESTS</b></td></tr>
<tr><td><b>Test method</b></td>
<td width="30%"><b>Exception</b></td>
<td width="10%"><b>Time (seconds)</b></td>
<td><b>Instance</b></td>
</tr>
<tr>
<td title='com.qtpselenium.Zoho.project.testcases.DealTest.DeleteLead()'><b>DeleteLead</b><br>Test class: com.qtpselenium.Zoho.project.testcases.DealTest</td>
<td></td>
<td>0</td>
<td>com.qtpselenium.Zoho.project.testcases.DealTest@2890c451</td></tr>
<tr>
<td title='com.qtpselenium.Zoho.project.testcases.LeadTest.DeleteLead()'><b>DeleteLead</b><br>Test class: com.qtpselenium.Zoho.project.testcases.LeadTest<br>Parameters: Y, Chrome, JET, PremRatan</td>
<td></td>
<td>43</td>
<td>com.qtpselenium.Zoho.project.testcases.LeadTest@40e6dfe1</td></tr>
<tr>
<td title='com.qtpselenium.Zoho.project.testcases.LeadTest.convertLead()'><b>convertLead</b><br>Test class: com.qtpselenium.Zoho.project.testcases.LeadTest<br>Parameters: Y, Chrome, Ruby, Rajesh</td>
<td></td>
<td>44</td>
<td>com.qtpselenium.Zoho.project.testcases.LeadTest@40e6dfe1</td></tr>
<tr>
<td title='com.qtpselenium.Zoho.project.testcases.DealTest.createDeal()'><b>createDeal</b><br>Test class: com.qtpselenium.Zoho.project.testcases.DealTest<br>Parameters: Y, Mozilla, Deal1, RATAN TATA, 3/15/2018, Qualification</td>
<td></td>
<td>42</td>
<td>com.qtpselenium.Zoho.project.testcases.DealTest@2890c451</td></tr>
<tr>
<td title='com.qtpselenium.Zoho.project.testcases.DealTest.createDeal()'><b>createDeal</b><br>Test class: com.qtpselenium.Zoho.project.testcases.DealTest<br>Parameters: Y, Chrome, Deal2, Ruby, 5/30/2018, Value Proposition</td>
<td></td>
<td>38</td>
<td>com.qtpselenium.Zoho.project.testcases.DealTest@2890c451</td></tr>
<tr>
<td title='com.qtpselenium.Zoho.project.testcases.LeadTest.createLead()'><b>createLead</b><br>Test class: com.qtpselenium.Zoho.project.testcases.LeadTest<br>Parameters: Y, Mozilla, RATAN TATA, Rama</td>
<td></td>
<td>38</td>
<td>com.qtpselenium.Zoho.project.testcases.LeadTest@40e6dfe1</td></tr>
<tr>
<td title='com.qtpselenium.Zoho.project.testcases.LeadTest.createLead()'><b>createLead</b><br>Test class: com.qtpselenium.Zoho.project.testcases.LeadTest<br>Parameters: Y, Chrome, Ruby, Rajesh</td>
<td></td>
<td>38</td>
<td>com.qtpselenium.Zoho.project.testcases.LeadTest@40e6dfe1</td></tr>
<tr>
<td title='com.qtpselenium.Zoho.project.testcases.LeadTest.createLead()'><b>createLead</b><br>Test class: com.qtpselenium.Zoho.project.testcases.LeadTest<br>Parameters: Y, Chrome, JET, PremRatan</td>
<td></td>
<td>37</td>
<td>com.qtpselenium.Zoho.project.testcases.LeadTest@40e6dfe1</td></tr>
<tr>
<td title='com.qtpselenium.Zoho.project.testcases.LoginTest.loginTest()'><b>loginTest</b><br>Test class: com.qtpselenium.Zoho.project.testcases.LoginTest<br>Parameters: jayav.2007@gmail.com, jayasiri89, pass</td>
<td></td>
<td>12</td>
<td>com.qtpselenium.Zoho.project.testcases.LoginTest@2145433b</td></tr>
</table><p>
<table width='100%' border='1' class='invocation-skipped'>
<tr><td colspan='4' align='center'><b>SKIPPED TESTS</b></td></tr>
<tr><td><b>Test method</b></td>
<td width="30%"><b>Exception</b></td>
<td width="10%"><b>Time (seconds)</b></td>
<td><b>Instance</b></td>
</tr>
<tr>
<td title='com.qtpselenium.Zoho.project.testcases.LeadTest.convertLead()'><b>convertLead</b><br>Test class: com.qtpselenium.Zoho.project.testcases.LeadTest<br>Parameters: N, Chrome, BHEL, Nagamani</td>
<td><div><pre>org.testng.SkipException: Skipping testcase as runmode is N: CreateLead
	at com.qtpselenium.Zoho.project.testcases.LeadTest.convertLead(LeadTest.java:152)
... Removed 25 stack frames</pre></div><a href='#' onClick='toggleBox("stack-trace634156144", this, "Click to show all stack frames", "Click to hide stack frames")'>Click to show all stack frames</a>
<div class='stack-trace' id='stack-trace634156144'><pre>org.testng.SkipException: Skipping testcase as runmode is N: CreateLead
	at com.qtpselenium.Zoho.project.testcases.LeadTest.convertLead(LeadTest.java:152)
	at sun.reflect.NativeMethodAccessorImpl.invoke0(Native Method)
	at sun.reflect.NativeMethodAccessorImpl.invoke(Unknown Source)
	at sun.reflect.DelegatingMethodAccessorImpl.invoke(Unknown Source)
	at java.lang.reflect.Method.invoke(Unknown Source)
	at org.testng.internal.MethodInvocationHelper.invokeMethod(MethodInvocationHelper.java:124)
	at org.testng.internal.Invoker.invokeMethod(Invoker.java:571)
	at org.testng.internal.Invoker.invokeTestMethod(Invoker.java:707)
	at org.testng.internal.Invoker.invokeTestMethods(Invoker.java:979)
	at org.testng.internal.TestMethodWorker.invokeTestMethods(TestMethodWorker.java:125)
	at org.testng.internal.TestMethodWorker.run(TestMethodWorker.java:109)
	at org.testng.TestRunner.privateRun(TestRunner.java:648)
	at org.testng.TestRunner.run(TestRunner.java:505)
	at org.testng.SuiteRunner.runTest(SuiteRunner.java:455)
	at org.testng.SuiteRunner.runSequentially(SuiteRunner.java:450)
	at org.testng.SuiteRunner.privateRun(SuiteRunner.java:415)
	at org.testng.SuiteRunner.run(SuiteRunner.java:364)
	at org.testng.SuiteRunnerWorker.runSuite(SuiteRunnerWorker.java:52)
	at org.testng.SuiteRunnerWorker.run(SuiteRunnerWorker.java:84)
	at org.testng.TestNG.runSuitesSequentially(TestNG.java:1187)
	at org.testng.TestNG.runSuitesLocally(TestNG.java:1116)
	at org.testng.TestNG.runSuites(TestNG.java:1028)
	at org.testng.TestNG.run(TestNG.java:996)
	at org.testng.remote.AbstractRemoteTestNG.run(AbstractRemoteTestNG.java:114)
	at org.testng.remote.RemoteTestNG.initAndRun(RemoteTestNG.java:251)
	at org.testng.remote.RemoteTestNG.main(RemoteTestNG.java:77)
</pre></div></td>
<td>0</td>
<td>com.qtpselenium.Zoho.project.testcases.LeadTest@40e6dfe1</td></tr>
</table><p>
</body>
</html>