<?xml version="1.0" encoding="UTF-8"?>
<!-- Generated by org.testng.reporters.JUnitXMLReporter -->
<testsuite hostname="DESKTOP-1ESRFEC" ignored="0" name="Test" tests="14" failures="4" timestamp="13 Feb 2018 18:13:12 GMT" time="398.576" errors="0">
  <testcase name="loginTest" time="12.417" classname="com.qtpselenium.Zoho.project.testcases.LoginTest"/>
  <testcase name="loginTest" time="26.937" classname="com.qtpselenium.Zoho.project.testcases.LoginTest">
    <failure type="java.lang.AssertionError" message="no such element: Unable to locate element: {&amp;quot;method&amp;quot;:&amp;quot;id&amp;quot;,&amp;quot;selector&amp;quot;:&amp;quot;ztb-profile-image-pre&amp;quot;}
  (Session info: chrome=63.0.3239.132)
  (Driver info: chromedriver=2.33.506120 (e3e53437346286c0bc2d2dc9aa4915ba81d9023f),platform=Windows NT 10.0.16299 x86_64) (WARNING: The server did not provide any stacktrace information)
Command duration or timeout: 0 milliseconds
For documentation on this error, please visit: http://seleniumhq.org/exceptions/no_such_element.html
Build info: version: &amp;apos;3.8.1&amp;apos;, revision: &amp;apos;6e95a6684b&amp;apos;, time: &amp;apos;2017-12-01T18:33:54.468Z&amp;apos;
System info: host: &amp;apos;DESKTOP-1ESRFEC&amp;apos;, ip: &amp;apos;192.168.1.10&amp;apos;, os.name: &amp;apos;Windows 10&amp;apos;, os.arch: &amp;apos;amd64&amp;apos;, os.version: &amp;apos;10.0&amp;apos;, java.version: &amp;apos;1.8.0_144&amp;apos;
Driver info: org.openqa.selenium.chrome.ChromeDriver
Capabilities {acceptSslCerts: true, applicationCacheEnabled: false, browserConnectionEnabled: false, browserName: chrome, chrome: {chromedriverVersion: 2.33.506120 (e3e53437346286..., userDataDir: C:\Users\jayav\AppData\Loca...}, cssSelectorsEnabled: true, databaseEnabled: false, handlesAlerts: true, hasTouchScreen: false, javascriptEnabled: true, locationContextEnabled: true, mobileEmulationEnabled: false, nativeEvents: true, networkConnectionEnabled: false, pageLoadStrategy: normal, platform: XP, platformName: XP, rotatable: false, setWindowRect: true, takesHeapSnapshot: true, takesScreenshot: true, unexpectedAlertBehaviour: , unhandledPromptBehavior: , version: 63.0.3239.132, webStorageEnabled: true}
Session ID: a65de2dfd85306945ab1ff9205dcebc7
*** Element info: {Using=id, value=ztb-profile-image-pre}">
      <![CDATA[java.lang.AssertionError: no such element: Unable to locate element: {"method":"id","selector":"ztb-profile-image-pre"}  (Session info: chrome=63.0.3239.132)  (Driver info: chromedriver=2.33.506120 (e3e53437346286c0bc2d2dc9aa4915ba81d9023f),platform=Windows NT 10.0.16299 x86_64) (WARNING: The server did not provide any stacktrace information)Command duration or timeout: 0 millisecondsFor documentation on this error, please visit: http://seleniumhq.org/exceptions/no_such_element.htmlBuild info: version: '3.8.1', revision: '6e95a6684b', time: '2017-12-01T18:33:54.468Z'System info: host: 'DESKTOP-1ESRFEC', ip: '192.168.1.10', os.name: 'Windows 10', os.arch: 'amd64', os.version: '10.0', java.version: '1.8.0_144'Driver info: org.openqa.selenium.chrome.ChromeDriverCapabilities {acceptSslCerts: true, applicationCacheEnabled: false, browserConnectionEnabled: false, browserName: chrome, chrome: {chromedriverVersion: 2.33.506120 (e3e53437346286..., userDataDir: C:\Users\jayav\AppData\Loca...}, cssSelectorsEnabled: true, databaseEnabled: false, handlesAlerts: true, hasTouchScreen: false, javascriptEnabled: true, locationContextEnabled: true, mobileEmulationEnabled: false, nativeEvents: true, networkConnectionEnabled: false, pageLoadStrategy: normal, platform: XP, platformName: XP, rotatable: false, setWindowRect: true, takesHeapSnapshot: true, takesScreenshot: true, unexpectedAlertBehaviour: , unhandledPromptBehavior: , version: 63.0.3239.132, webStorageEnabled: true}Session ID: a65de2dfd85306945ab1ff9205dcebc7*** Element info: {Using=id, value=ztb-profile-image-pre}at com.qtpselenium.Zoho.project.BaseTest.Testcase_BaseClass.reportFail(Testcase_BaseClass.java:204)at com.qtpselenium.Zoho.project.BaseTest.Testcase_BaseClass.getElement(Testcase_BaseClass.java:123)at com.qtpselenium.Zoho.project.BaseTest.Testcase_BaseClass.click(Testcase_BaseClass.java:87)at com.qtpselenium.Zoho.project.testcases.LoginTest.loginTest(LoginTest.java:51)... Removed 26 stack frames]]>
    </failure>
  </testcase> <!-- loginTest -->
  <testcase name="createDeal" time="42.358" classname="com.qtpselenium.Zoho.project.testcases.DealTest"/>
  <testcase name="createDeal" time="38.675" classname="com.qtpselenium.Zoho.project.testcases.DealTest"/>
  <testcase name="createLead" time="38.967" classname="com.qtpselenium.Zoho.project.testcases.LeadTest"/>
  <testcase name="createLead" time="38.295" classname="com.qtpselenium.Zoho.project.testcases.LeadTest"/>
  <testcase name="createLead" time="21.459" classname="com.qtpselenium.Zoho.project.testcases.LeadTest">
    <failure type="java.lang.AssertionError" message="Unable to find element with css selector == #lid
For documentation on this error, please visit: http://seleniumhq.org/exceptions/no_such_element.html
Build info: version: &amp;apos;3.8.1&amp;apos;, revision: &amp;apos;6e95a6684b&amp;apos;, time: &amp;apos;2017-12-01T18:33:54.468Z&amp;apos;
System info: host: &amp;apos;DESKTOP-1ESRFEC&amp;apos;, ip: &amp;apos;192.168.1.10&amp;apos;, os.name: &amp;apos;Windows 10&amp;apos;, os.arch: &amp;apos;amd64&amp;apos;, os.version: &amp;apos;10.0&amp;apos;, java.version: &amp;apos;1.8.0_144&amp;apos;
Driver info: org.openqa.selenium.ie.InternetExplorerDriver
Capabilities {acceptInsecureCerts: false, browserName: internet explorer, browserVersion: 11, javascriptEnabled: true, pageLoadStrategy: normal, platform: WINDOWS, platformName: WINDOWS, se:ieOptions: {browserAttachTimeout: 0, elementScrollBehavior: 0, enablePersistentHover: true, ie.browserCommandLineSwitches: , ie.ensureCleanSession: false, ie.fileUploadDialogTimeout: 3000, ie.forceCreateProcessApi: false, ignoreProtectedModeSettings: false, ignoreZoomSetting: false, initialBrowserUrl: http://localhost:38425/, nativeEvents: true, requireWindowFocus: false}, setWindowRect: true}
Session ID: 680dad16-bd2e-4669-9bbb-ad64d66344ac
*** Element info: {Using=id, value=lid}">
      <![CDATA[java.lang.AssertionError: Unable to find element with css selector == #lidFor documentation on this error, please visit: http://seleniumhq.org/exceptions/no_such_element.htmlBuild info: version: '3.8.1', revision: '6e95a6684b', time: '2017-12-01T18:33:54.468Z'System info: host: 'DESKTOP-1ESRFEC', ip: '192.168.1.10', os.name: 'Windows 10', os.arch: 'amd64', os.version: '10.0', java.version: '1.8.0_144'Driver info: org.openqa.selenium.ie.InternetExplorerDriverCapabilities {acceptInsecureCerts: false, browserName: internet explorer, browserVersion: 11, javascriptEnabled: true, pageLoadStrategy: normal, platform: WINDOWS, platformName: WINDOWS, se:ieOptions: {browserAttachTimeout: 0, elementScrollBehavior: 0, enablePersistentHover: true, ie.browserCommandLineSwitches: , ie.ensureCleanSession: false, ie.fileUploadDialogTimeout: 3000, ie.forceCreateProcessApi: false, ignoreProtectedModeSettings: false, ignoreZoomSetting: false, initialBrowserUrl: http://localhost:38425/, nativeEvents: true, requireWindowFocus: false}, setWindowRect: true}Session ID: 680dad16-bd2e-4669-9bbb-ad64d66344ac*** Element info: {Using=id, value=lid}at com.qtpselenium.Zoho.project.BaseTest.Testcase_BaseClass.reportFail(Testcase_BaseClass.java:204)at com.qtpselenium.Zoho.project.BaseTest.Testcase_BaseClass.getElement(Testcase_BaseClass.java:123)at com.qtpselenium.Zoho.project.BaseTest.Testcase_BaseClass.click(Testcase_BaseClass.java:87)at com.qtpselenium.Zoho.project.BaseTest.Testcase_BaseClass.doLogin(Testcase_BaseClass.java:226)at com.qtpselenium.Zoho.project.testcases.LeadTest.createLead(LeadTest.java:49)... Removed 26 stack frames]]>
    </failure>
  </testcase> <!-- createLead -->
  <testcase name="createLead" time="37.696" classname="com.qtpselenium.Zoho.project.testcases.LeadTest"/>
  <testcase name="DeleteLead" time="0.002" classname="com.qtpselenium.Zoho.project.testcases.DealTest"/>
  <testcase name="convertLead" time="31.382" classname="com.qtpselenium.Zoho.project.testcases.LeadTest">
    <failure type="org.openqa.selenium.InvalidElementStateException" message="Element is not enabled
Build info: version: &amp;apos;3.8.1&amp;apos;, revision: &amp;apos;6e95a6684b&amp;apos;, time: &amp;apos;2017-12-01T18:33:54.468Z&amp;apos;
System info: host: &amp;apos;DESKTOP-1ESRFEC&amp;apos;, ip: &amp;apos;192.168.1.10&amp;apos;, os.name: &amp;apos;Windows 10&amp;apos;, os.arch: &amp;apos;amd64&amp;apos;, os.version: &amp;apos;10.0&amp;apos;, java.version: &amp;apos;1.8.0_144&amp;apos;
Driver info: org.openqa.selenium.firefox.FirefoxDriver
Capabilities {acceptInsecureCerts: true, browserName: firefox, browserVersion: 56.0.2, javascriptEnabled: true, moz:accessibilityChecks: false, moz:headless: false, moz:processID: 16524, moz:profile: C:\Users\jayav\AppData\Loca..., pageLoadStrategy: normal, platform: XP, platformName: XP, platformVersion: 10.0, rotatable: false, specificationLevel: 0, timeouts: {implicit: 0, pageLoad: 300000, script: 30000}}
Session ID: 1faac13e-46f8-485d-8da2-23b94fcfb058">
      <![CDATA[org.openqa.selenium.InvalidElementStateException: Element is not enabledBuild info: version: '3.8.1', revision: '6e95a6684b', time: '2017-12-01T18:33:54.468Z'System info: host: 'DESKTOP-1ESRFEC', ip: '192.168.1.10', os.name: 'Windows 10', os.arch: 'amd64', os.version: '10.0', java.version: '1.8.0_144'Driver info: org.openqa.selenium.firefox.FirefoxDriverCapabilities {acceptInsecureCerts: true, browserName: firefox, browserVersion: 56.0.2, javascriptEnabled: true, moz:accessibilityChecks: false, moz:headless: false, moz:processID: 16524, moz:profile: C:\Users\jayav\AppData\Loca..., pageLoadStrategy: normal, platform: XP, platformName: XP, platformVersion: 10.0, rotatable: false, specificationLevel: 0, timeouts: {implicit: 0, pageLoad: 300000, script: 30000}}Session ID: 1faac13e-46f8-485d-8da2-23b94fcfb058at org.openqa.selenium.remote.http.W3CHttpResponseCodec.createException(W3CHttpResponseCodec.java:187)at org.openqa.selenium.remote.http.W3CHttpResponseCodec.decode(W3CHttpResponseCodec.java:122)at org.openqa.selenium.remote.http.W3CHttpResponseCodec.decode(W3CHttpResponseCodec.java:49)at org.openqa.selenium.remote.HttpCommandExecutor.execute(HttpCommandExecutor.java:164)at org.openqa.selenium.remote.service.DriverCommandExecutor.execute(DriverCommandExecutor.java:83)at org.openqa.selenium.remote.RemoteWebDriver.execute(RemoteWebDriver.java:601)at org.openqa.selenium.remote.RemoteWebElement.execute(RemoteWebElement.java:279)at org.openqa.selenium.remote.RemoteWebElement.click(RemoteWebElement.java:83)at com.qtpselenium.Zoho.project.BaseTest.Testcase_BaseClass.click(Testcase_BaseClass.java:87)at com.qtpselenium.Zoho.project.testcases.LeadTest.convertLead(LeadTest.java:201)... Removed 29 stack frames]]>
    </failure>
  </testcase> <!-- convertLead -->
  <testcase name="convertLead" time="44.943" classname="com.qtpselenium.Zoho.project.testcases.LeadTest"/>
  <testcase name="convertLead" time="19.318" classname="com.qtpselenium.Zoho.project.testcases.LeadTest">
    <failure type="java.lang.AssertionError" message="Unable to find element with css selector == #lid
For documentation on this error, please visit: http://seleniumhq.org/exceptions/no_such_element.html
Build info: version: &amp;apos;3.8.1&amp;apos;, revision: &amp;apos;6e95a6684b&amp;apos;, time: &amp;apos;2017-12-01T18:33:54.468Z&amp;apos;
System info: host: &amp;apos;DESKTOP-1ESRFEC&amp;apos;, ip: &amp;apos;192.168.1.10&amp;apos;, os.name: &amp;apos;Windows 10&amp;apos;, os.arch: &amp;apos;amd64&amp;apos;, os.version: &amp;apos;10.0&amp;apos;, java.version: &amp;apos;1.8.0_144&amp;apos;
Driver info: org.openqa.selenium.ie.InternetExplorerDriver
Capabilities {acceptInsecureCerts: false, browserName: internet explorer, browserVersion: 11, javascriptEnabled: true, pageLoadStrategy: normal, platform: WINDOWS, platformName: WINDOWS, se:ieOptions: {browserAttachTimeout: 0, elementScrollBehavior: 0, enablePersistentHover: true, ie.browserCommandLineSwitches: , ie.ensureCleanSession: false, ie.fileUploadDialogTimeout: 3000, ie.forceCreateProcessApi: false, ignoreProtectedModeSettings: false, ignoreZoomSetting: false, initialBrowserUrl: http://localhost:36092/, nativeEvents: true, requireWindowFocus: false}, setWindowRect: true}
Session ID: f7fdd7da-67d1-4ee9-afee-4ea80d560dbf
*** Element info: {Using=id, value=lid}">
      <![CDATA[java.lang.AssertionError: Unable to find element with css selector == #lidFor documentation on this error, please visit: http://seleniumhq.org/exceptions/no_such_element.htmlBuild info: version: '3.8.1', revision: '6e95a6684b', time: '2017-12-01T18:33:54.468Z'System info: host: 'DESKTOP-1ESRFEC', ip: '192.168.1.10', os.name: 'Windows 10', os.arch: 'amd64', os.version: '10.0', java.version: '1.8.0_144'Driver info: org.openqa.selenium.ie.InternetExplorerDriverCapabilities {acceptInsecureCerts: false, browserName: internet explorer, browserVersion: 11, javascriptEnabled: true, pageLoadStrategy: normal, platform: WINDOWS, platformName: WINDOWS, se:ieOptions: {browserAttachTimeout: 0, elementScrollBehavior: 0, enablePersistentHover: true, ie.browserCommandLineSwitches: , ie.ensureCleanSession: false, ie.fileUploadDialogTimeout: 3000, ie.forceCreateProcessApi: false, ignoreProtectedModeSettings: false, ignoreZoomSetting: false, initialBrowserUrl: http://localhost:36092/, nativeEvents: true, requireWindowFocus: false}, setWindowRect: true}Session ID: f7fdd7da-67d1-4ee9-afee-4ea80d560dbf*** Element info: {Using=id, value=lid}at com.qtpselenium.Zoho.project.BaseTest.Testcase_BaseClass.reportFail(Testcase_BaseClass.java:204)at com.qtpselenium.Zoho.project.BaseTest.Testcase_BaseClass.getElement(Testcase_BaseClass.java:123)at com.qtpselenium.Zoho.project.BaseTest.Testcase_BaseClass.click(Testcase_BaseClass.java:87)at com.qtpselenium.Zoho.project.BaseTest.Testcase_BaseClass.doLogin(Testcase_BaseClass.java:226)at com.qtpselenium.Zoho.project.testcases.LeadTest.convertLead(LeadTest.java:164)... Removed 26 stack frames]]>
    </failure>
  </testcase> <!-- convertLead -->
  <testcase name="convertLead" time="0.475" classname="com.qtpselenium.Zoho.project.testcases.LeadTest">
    <skipped/>
  </testcase> <!-- convertLead -->
  <testcase name="DeleteLead" time="43.643" classname="com.qtpselenium.Zoho.project.testcases.LeadTest"/>
</testsuite> <!-- Test -->
