<!DOCTYPE html PUBLIC "-//W3C//DTD XHTML 1.1//EN" "http://www.w3.org/TR/xhtml11/DTD/xhtml11.dtd">
<html xmlns="http://www.w3.org/1999/xhtml">
<head>
<meta http-equiv="content-type" content="text/html; charset=UTF-8"/>
<title>TestNG Report</title>
<style type="text/css">table {margin-bottom:10px;border-collapse:collapse;empty-cells:show}th,td {border:1px solid #009;padding:.25em .5em}th {vertical-align:bottom}td {vertical-align:top}table a {font-weight:bold}.stripe td {background-color: #E6EBF9}.num {text-align:right}.passedodd td {background-color: #3F3}.passedeven td {background-color: #0A0}.skippedodd td {background-color: #DDD}.skippedeven td {background-color: #CCC}.failedodd td,.attn {background-color: #F33}.failedeven td,.stripe .attn {background-color: #D00}.stacktrace {white-space:pre;font-family:monospace}.totop {font-size:85%;text-align:center;border-bottom:2px solid #000}.invisible {display:none}</style>
</head>
<body>
<table>
<tr><th>Test</th><th># Passed</th><th># Skipped</th><th># Failed</th><th>Time (ms)</th><th>Included Groups</th><th>Excluded Groups</th></tr>
<tr><th colspan="7">Suite</th></tr>
<tr><td><a href="#t0">Test</a></td><td class="num">9</td><td class="num attn">1</td><td class="num attn">4</td><td class="num">398,576</td><td></td><td></td></tr>
</table>
<table id='summary'><thead><tr><th>Class</th><th>Method</th><th>Start</th><th>Time (ms)</th></tr></thead><tbody><tr><th colspan="4">Suite</th></tr></tbody><tbody id="t0"><tr><th colspan="4">Test &#8212; failed</th></tr><tr class="failedeven"><td rowspan="3">com.qtpselenium.Zoho.project.testcases.LeadTest</td><td><a href="#m0">convertLead</a></td><td rowspan="2">1518545451896</td><td rowspan="2">31382</td></tr><tr class="failedeven"><td><a href="#m1">convertLead</a></td></tr><tr class="failedeven"><td><a href="#m2">createLead</a></td><td rowspan="1">1518545392605</td><td rowspan="1">21459</td></tr><tr class="failedodd"><td rowspan="1">com.qtpselenium.Zoho.project.testcases.LoginTest</td><td><a href="#m3">loginTest</a></td><td rowspan="1">1518545207056</td><td rowspan="1">26937</td></tr><tr><th colspan="4">Test &#8212; skipped</th></tr><tr class="skippedeven"><td rowspan="1">com.qtpselenium.Zoho.project.testcases.LeadTest</td><td><a href="#m4">convertLead</a></td><td rowspan="1">1518545547543</td><td rowspan="1">475</td></tr><tr><th colspan="4">Test &#8212; passed</th></tr><tr class="passedeven"><td rowspan="3">com.qtpselenium.Zoho.project.testcases.DealTest</td><td><a href="#m5">DeleteLead</a></td><td rowspan="1">1518545451764</td><td rowspan="1">2</td></tr><tr class="passedeven"><td><a href="#m6">createDeal</a></td><td rowspan="2">1518545234172</td><td rowspan="2">42358</td></tr><tr class="passedeven"><td><a href="#m7">createDeal</a></td></tr><tr class="passedodd"><td rowspan="5">com.qtpselenium.Zoho.project.testcases.LeadTest</td><td><a href="#m8">DeleteLead</a></td><td rowspan="1">1518545548119</td><td rowspan="1">43643</td></tr><tr class="passedodd"><td><a href="#m9">convertLead</a></td><td rowspan="1">1518545483279</td><td rowspan="1">44943</td></tr><tr class="passedodd"><td><a href="#m10">createLead</a></td><td rowspan="3">1518545414066</td><td rowspan="3">37696</td></tr><tr class="passedodd"><td><a href="#m11">createLead</a></td></tr><tr class="passedodd"><td><a href="#m12">createLead</a></td></tr><tr class="passedeven"><td rowspan="1">com.qtpselenium.Zoho.project.testcases.LoginTest</td><td><a href="#m13">loginTest</a></td><td rowspan="1">1518545194638</td><td rowspan="1">12417</td></tr></tbody>
</table>
<h2>Test</h2><h3 id="m0">com.qtpselenium.Zoho.project.testcases.LeadTest#convertLead</h3><table class="result"><tr class="param"><th>Parameter #1</th><th>Parameter #2</th><th>Parameter #3</th><th>Parameter #4</th></tr><tr class="param stripe"><td>Y</td><td>Mozilla</td><td>RATAN TATA</td><td>Rama</td></tr><tr><th colspan="4">Exception</th></tr><tr><td colspan="4"><div class="stacktrace">org.openqa.selenium.InvalidElementStateException: Element is not enabled
Build info: version: &apos;3.8.1&apos;, revision: &apos;6e95a6684b&apos;, time: &apos;2017-12-01T18:33:54.468Z&apos;
System info: host: &apos;DESKTOP-1ESRFEC&apos;, ip: &apos;192.168.1.10&apos;, os.name: &apos;Windows 10&apos;, os.arch: &apos;amd64&apos;, os.version: &apos;10.0&apos;, java.version: &apos;1.8.0_144&apos;
Driver info: org.openqa.selenium.firefox.FirefoxDriver
Capabilities {acceptInsecureCerts: true, browserName: firefox, browserVersion: 56.0.2, javascriptEnabled: true, moz:accessibilityChecks: false, moz:headless: false, moz:processID: 16524, moz:profile: C:\Users\jayav\AppData\Loca..., pageLoadStrategy: normal, platform: XP, platformName: XP, platformVersion: 10.0, rotatable: false, specificationLevel: 0, timeouts: {implicit: 0, pageLoad: 300000, script: 30000}}
Session ID: 1faac13e-46f8-485d-8da2-23b94fcfb058
	at org.openqa.selenium.remote.http.W3CHttpResponseCodec.createException(W3CHttpResponseCodec.java:187)
	at org.openqa.selenium.remote.http.W3CHttpResponseCodec.decode(W3CHttpResponseCodec.java:122)
	at org.openqa.selenium.remote.http.W3CHttpResponseCodec.decode(W3CHttpResponseCodec.java:49)
	at org.openqa.selenium.remote.HttpCommandExecutor.execute(HttpCommandExecutor.java:164)
	at org.openqa.selenium.remote.service.DriverCommandExecutor.execute(DriverCommandExecutor.java:83)
	at org.openqa.selenium.remote.RemoteWebDriver.execute(RemoteWebDriver.java:601)
	at org.openqa.selenium.remote.RemoteWebElement.execute(RemoteWebElement.java:279)
	at org.openqa.selenium.remote.RemoteWebElement.click(RemoteWebElement.java:83)
	at com.qtpselenium.Zoho.project.BaseTest.Testcase_BaseClass.click(Testcase_BaseClass.java:87)
	at com.qtpselenium.Zoho.project.testcases.LeadTest.convertLead(LeadTest.java:201)
... Removed 29 stack frames</div></td></tr></table><p class="totop"><a href="#summary">back to summary</a></p>
<h3 id="m1">com.qtpselenium.Zoho.project.testcases.LeadTest#convertLead</h3><table class="result"><tr class="param"><th>Parameter #1</th><th>Parameter #2</th><th>Parameter #3</th><th>Parameter #4</th></tr><tr class="param stripe"><td>Y</td><td>IE</td><td>FCFSS</td><td>Sreelatha</td></tr><tr><th colspan="4">Exception</th></tr><tr><td colspan="4"><div class="stacktrace">java.lang.AssertionError: Unable to find element with css selector == #lid
For documentation on this error, please visit: http://seleniumhq.org/exceptions/no_such_element.html
Build info: version: &apos;3.8.1&apos;, revision: &apos;6e95a6684b&apos;, time: &apos;2017-12-01T18:33:54.468Z&apos;
System info: host: &apos;DESKTOP-1ESRFEC&apos;, ip: &apos;192.168.1.10&apos;, os.name: &apos;Windows 10&apos;, os.arch: &apos;amd64&apos;, os.version: &apos;10.0&apos;, java.version: &apos;1.8.0_144&apos;
Driver info: org.openqa.selenium.ie.InternetExplorerDriver
Capabilities {acceptInsecureCerts: false, browserName: internet explorer, browserVersion: 11, javascriptEnabled: true, pageLoadStrategy: normal, platform: WINDOWS, platformName: WINDOWS, se:ieOptions: {browserAttachTimeout: 0, elementScrollBehavior: 0, enablePersistentHover: true, ie.browserCommandLineSwitches: , ie.ensureCleanSession: false, ie.fileUploadDialogTimeout: 3000, ie.forceCreateProcessApi: false, ignoreProtectedModeSettings: false, ignoreZoomSetting: false, initialBrowserUrl: http://localhost:36092/, nativeEvents: true, requireWindowFocus: false}, setWindowRect: true}
Session ID: f7fdd7da-67d1-4ee9-afee-4ea80d560dbf
*** Element info: {Using=id, value=lid}
	at com.qtpselenium.Zoho.project.BaseTest.Testcase_BaseClass.reportFail(Testcase_BaseClass.java:204)
	at com.qtpselenium.Zoho.project.BaseTest.Testcase_BaseClass.getElement(Testcase_BaseClass.java:123)
	at com.qtpselenium.Zoho.project.BaseTest.Testcase_BaseClass.click(Testcase_BaseClass.java:87)
	at com.qtpselenium.Zoho.project.BaseTest.Testcase_BaseClass.doLogin(Testcase_BaseClass.java:226)
	at com.qtpselenium.Zoho.project.testcases.LeadTest.convertLead(LeadTest.java:164)
... Removed 26 stack frames</div></td></tr></table><p class="totop"><a href="#summary">back to summary</a></p>
<h3 id="m2">com.qtpselenium.Zoho.project.testcases.LeadTest#createLead</h3><table class="result"><tr class="param"><th>Parameter #1</th><th>Parameter #2</th><th>Parameter #3</th><th>Parameter #4</th></tr><tr class="param stripe"><td>Y</td><td>IE</td><td>FCFSS</td><td>Sreelatha</td></tr><tr><th colspan="4">Exception</th></tr><tr><td colspan="4"><div class="stacktrace">java.lang.AssertionError: Unable to find element with css selector == #lid
For documentation on this error, please visit: http://seleniumhq.org/exceptions/no_such_element.html
Build info: version: &apos;3.8.1&apos;, revision: &apos;6e95a6684b&apos;, time: &apos;2017-12-01T18:33:54.468Z&apos;
System info: host: &apos;DESKTOP-1ESRFEC&apos;, ip: &apos;192.168.1.10&apos;, os.name: &apos;Windows 10&apos;, os.arch: &apos;amd64&apos;, os.version: &apos;10.0&apos;, java.version: &apos;1.8.0_144&apos;
Driver info: org.openqa.selenium.ie.InternetExplorerDriver
Capabilities {acceptInsecureCerts: false, browserName: internet explorer, browserVersion: 11, javascriptEnabled: true, pageLoadStrategy: normal, platform: WINDOWS, platformName: WINDOWS, se:ieOptions: {browserAttachTimeout: 0, elementScrollBehavior: 0, enablePersistentHover: true, ie.browserCommandLineSwitches: , ie.ensureCleanSession: false, ie.fileUploadDialogTimeout: 3000, ie.forceCreateProcessApi: false, ignoreProtectedModeSettings: false, ignoreZoomSetting: false, initialBrowserUrl: http://localhost:38425/, nativeEvents: true, requireWindowFocus: false}, setWindowRect: true}
Session ID: 680dad16-bd2e-4669-9bbb-ad64d66344ac
*** Element info: {Using=id, value=lid}
	at com.qtpselenium.Zoho.project.BaseTest.Testcase_BaseClass.reportFail(Testcase_BaseClass.java:204)
	at com.qtpselenium.Zoho.project.BaseTest.Testcase_BaseClass.getElement(Testcase_BaseClass.java:123)
	at com.qtpselenium.Zoho.project.BaseTest.Testcase_BaseClass.click(Testcase_BaseClass.java:87)
	at com.qtpselenium.Zoho.project.BaseTest.Testcase_BaseClass.doLogin(Testcase_BaseClass.java:226)
	at com.qtpselenium.Zoho.project.testcases.LeadTest.createLead(LeadTest.java:49)
... Removed 26 stack frames</div></td></tr></table><p class="totop"><a href="#summary">back to summary</a></p>
<h3 id="m3">com.qtpselenium.Zoho.project.testcases.LoginTest#loginTest</h3><table class="result"><tr class="param"><th>Parameter #1</th><th>Parameter #2</th><th>Parameter #3</th></tr><tr class="param stripe"><td>jayav.2007@gmail.com</td><td>vgdsgds</td><td>fail</td></tr><tr><th colspan="3">Exception</th></tr><tr><td colspan="3"><div class="stacktrace">java.lang.AssertionError: no such element: Unable to locate element: {&quot;method&quot;:&quot;id&quot;,&quot;selector&quot;:&quot;ztb-profile-image-pre&quot;}
  (Session info: chrome=63.0.3239.132)
  (Driver info: chromedriver=2.33.506120 (e3e53437346286c0bc2d2dc9aa4915ba81d9023f),platform=Windows NT 10.0.16299 x86_64) (WARNING: The server did not provide any stacktrace information)
Command duration or timeout: 0 milliseconds
For documentation on this error, please visit: http://seleniumhq.org/exceptions/no_such_element.html
Build info: version: &apos;3.8.1&apos;, revision: &apos;6e95a6684b&apos;, time: &apos;2017-12-01T18:33:54.468Z&apos;
System info: host: &apos;DESKTOP-1ESRFEC&apos;, ip: &apos;192.168.1.10&apos;, os.name: &apos;Windows 10&apos;, os.arch: &apos;amd64&apos;, os.version: &apos;10.0&apos;, java.version: &apos;1.8.0_144&apos;
Driver info: org.openqa.selenium.chrome.ChromeDriver
Capabilities {acceptSslCerts: true, applicationCacheEnabled: false, browserConnectionEnabled: false, browserName: chrome, chrome: {chromedriverVersion: 2.33.506120 (e3e53437346286..., userDataDir: C:\Users\jayav\AppData\Loca...}, cssSelectorsEnabled: true, databaseEnabled: false, handlesAlerts: true, hasTouchScreen: false, javascriptEnabled: true, locationContextEnabled: true, mobileEmulationEnabled: false, nativeEvents: true, networkConnectionEnabled: false, pageLoadStrategy: normal, platform: XP, platformName: XP, rotatable: false, setWindowRect: true, takesHeapSnapshot: true, takesScreenshot: true, unexpectedAlertBehaviour: , unhandledPromptBehavior: , version: 63.0.3239.132, webStorageEnabled: true}
Session ID: a65de2dfd85306945ab1ff9205dcebc7
*** Element info: {Using=id, value=ztb-profile-image-pre}
	at com.qtpselenium.Zoho.project.BaseTest.Testcase_BaseClass.reportFail(Testcase_BaseClass.java:204)
	at com.qtpselenium.Zoho.project.BaseTest.Testcase_BaseClass.getElement(Testcase_BaseClass.java:123)
	at com.qtpselenium.Zoho.project.BaseTest.Testcase_BaseClass.click(Testcase_BaseClass.java:87)
	at com.qtpselenium.Zoho.project.testcases.LoginTest.loginTest(LoginTest.java:51)
... Removed 26 stack frames</div></td></tr></table><p class="totop"><a href="#summary">back to summary</a></p>
<h3 id="m4">com.qtpselenium.Zoho.project.testcases.LeadTest#convertLead</h3><table class="result"><tr class="param"><th>Parameter #1</th><th>Parameter #2</th><th>Parameter #3</th><th>Parameter #4</th></tr><tr class="param stripe"><td>N</td><td>Chrome</td><td>BHEL</td><td>Nagamani</td></tr><tr><th colspan="4">Exception</th></tr><tr><td colspan="4"><div class="stacktrace">org.testng.SkipException: Skipping testcase as runmode is N: CreateLead
	at com.qtpselenium.Zoho.project.testcases.LeadTest.convertLead(LeadTest.java:152)
... Removed 25 stack frames</div></td></tr></table><p class="totop"><a href="#summary">back to summary</a></p>
<h3 id="m5">com.qtpselenium.Zoho.project.testcases.DealTest#DeleteLead</h3><table class="result"><tr><th class="invisible"/></tr></table><p class="totop"><a href="#summary">back to summary</a></p>
<h3 id="m6">com.qtpselenium.Zoho.project.testcases.DealTest#createDeal</h3><table class="result"><tr class="param"><th>Parameter #1</th><th>Parameter #2</th><th>Parameter #3</th><th>Parameter #4</th><th>Parameter #5</th><th>Parameter #6</th></tr><tr class="param stripe"><td>Y</td><td>Mozilla</td><td>Deal1</td><td>RATAN TATA</td><td>3/15/2018</td><td>Qualification</td></tr></table><p class="totop"><a href="#summary">back to summary</a></p>
<h3 id="m7">com.qtpselenium.Zoho.project.testcases.DealTest#createDeal</h3><table class="result"><tr class="param"><th>Parameter #1</th><th>Parameter #2</th><th>Parameter #3</th><th>Parameter #4</th><th>Parameter #5</th><th>Parameter #6</th></tr><tr class="param stripe"><td>Y</td><td>Chrome</td><td>Deal2</td><td>Ruby</td><td>5/30/2018</td><td>Value Proposition</td></tr></table><p class="totop"><a href="#summary">back to summary</a></p>
<h3 id="m8">com.qtpselenium.Zoho.project.testcases.LeadTest#DeleteLead</h3><table class="result"><tr class="param"><th>Parameter #1</th><th>Parameter #2</th><th>Parameter #3</th><th>Parameter #4</th></tr><tr class="param stripe"><td>Y</td><td>Chrome</td><td>JET</td><td>PremRatan</td></tr></table><p class="totop"><a href="#summary">back to summary</a></p>
<h3 id="m9">com.qtpselenium.Zoho.project.testcases.LeadTest#convertLead</h3><table class="result"><tr class="param"><th>Parameter #1</th><th>Parameter #2</th><th>Parameter #3</th><th>Parameter #4</th></tr><tr class="param stripe"><td>Y</td><td>Chrome</td><td>Ruby</td><td>Rajesh</td></tr></table><p class="totop"><a href="#summary">back to summary</a></p>
<h3 id="m10">com.qtpselenium.Zoho.project.testcases.LeadTest#createLead</h3><table class="result"><tr class="param"><th>Parameter #1</th><th>Parameter #2</th><th>Parameter #3</th><th>Parameter #4</th></tr><tr class="param stripe"><td>Y</td><td>Chrome</td><td>JET</td><td>PremRatan</td></tr></table><p class="totop"><a href="#summary">back to summary</a></p>
<h3 id="m11">com.qtpselenium.Zoho.project.testcases.LeadTest#createLead</h3><table class="result"><tr class="param"><th>Parameter #1</th><th>Parameter #2</th><th>Parameter #3</th><th>Parameter #4</th></tr><tr class="param stripe"><td>Y</td><td>Chrome</td><td>Ruby</td><td>Rajesh</td></tr></table><p class="totop"><a href="#summary">back to summary</a></p>
<h3 id="m12">com.qtpselenium.Zoho.project.testcases.LeadTest#createLead</h3><table class="result"><tr class="param"><th>Parameter #1</th><th>Parameter #2</th><th>Parameter #3</th><th>Parameter #4</th></tr><tr class="param stripe"><td>Y</td><td>Mozilla</td><td>RATAN TATA</td><td>Rama</td></tr></table><p class="totop"><a href="#summary">back to summary</a></p>
<h3 id="m13">com.qtpselenium.Zoho.project.testcases.LoginTest#loginTest</h3><table class="result"><tr class="param"><th>Parameter #1</th><th>Parameter #2</th><th>Parameter #3</th></tr><tr class="param stripe"><td>jayav.2007@gmail.com</td><td>jayasiri89</td><td>pass</td></tr></table><p class="totop"><a href="#summary">back to summary</a></p>
</body>
</html>
