<?xml version="1.0" encoding="UTF-8"?>
<testng-results skipped="1" failed="4" ignored="0" total="14" passed="9">
  <reporter-output>
  </reporter-output>
  <suite name="Suite" duration-ms="398576" started-at="2018-02-13T18:06:33Z" finished-at="2018-02-13T18:13:11Z">
    <groups>
    </groups>
    <test name="Test" duration-ms="398576" started-at="2018-02-13T18:06:33Z" finished-at="2018-02-13T18:13:11Z">
      <class name="com.qtpselenium.Zoho.project.testcases.LoginTest">
        <test-method status="PASS" signature="loginTest(java.lang.String, java.lang.String, java.lang.String)[pri:0, instance:com.qtpselenium.Zoho.project.testcases.LoginTest@2145433b]" name="loginTest" duration-ms="12417" started-at="2018-02-13T12:06:34Z" data-provider="getTestData" finished-at="2018-02-13T12:06:47Z">
          <params>
            <param index="0">
              <value>
                <![CDATA[jayav.2007@gmail.com]]>
              </value>
            </param>
            <param index="1">
              <value>
                <![CDATA[jayasiri89]]>
              </value>
            </param>
            <param index="2">
              <value>
                <![CDATA[pass]]>
              </value>
            </param>
          </params>
          <reporter-output>
          </reporter-output>
        </test-method> <!-- loginTest -->
        <test-method status="FAIL" signature="loginTest(java.lang.String, java.lang.String, java.lang.String)[pri:0, instance:com.qtpselenium.Zoho.project.testcases.LoginTest@2145433b]" name="loginTest" duration-ms="26937" started-at="2018-02-13T12:06:47Z" data-provider="getTestData" finished-at="2018-02-13T12:07:13Z">
          <params>
            <param index="0">
              <value>
                <![CDATA[jayav.2007@gmail.com]]>
              </value>
            </param>
            <param index="1">
              <value>
                <![CDATA[vgdsgds]]>
              </value>
            </param>
            <param index="2">
              <value>
                <![CDATA[fail]]>
              </value>
            </param>
          </params>
          <exception class="java.lang.AssertionError">
            <message>
              <![CDATA[no such element: Unable to locate element: {"method":"id","selector":"ztb-profile-image-pre"}  (Session info: chrome=63.0.3239.132)  (Driver info: chromedriver=2.33.506120 (e3e53437346286c0bc2d2dc9aa4915ba81d9023f),platform=Windows NT 10.0.16299 x86_64) (WARNING: The server did not provide any stacktrace information)Command duration or timeout: 0 millisecondsFor documentation on this error, please visit: http://seleniumhq.org/exceptions/no_such_element.htmlBuild info: version: '3.8.1', revision: '6e95a6684b', time: '2017-12-01T18:33:54.468Z'System info: host: 'DESKTOP-1ESRFEC', ip: '192.168.1.10', os.name: 'Windows 10', os.arch: 'amd64', os.version: '10.0', java.version: '1.8.0_144'Driver info: org.openqa.selenium.chrome.ChromeDriverCapabilities {acceptSslCerts: true, applicationCacheEnabled: false, browserConnectionEnabled: false, browserName: chrome, chrome: {chromedriverVersion: 2.33.506120 (e3e53437346286..., userDataDir: C:\Users\jayav\AppData\Loca...}, cssSelectorsEnabled: true, databaseEnabled: false, handlesAlerts: true, hasTouchScreen: false, javascriptEnabled: true, locationContextEnabled: true, mobileEmulationEnabled: false, nativeEvents: true, networkConnectionEnabled: false, pageLoadStrategy: normal, platform: XP, platformName: XP, rotatable: false, setWindowRect: true, takesHeapSnapshot: true, takesScreenshot: true, unexpectedAlertBehaviour: , unhandledPromptBehavior: , version: 63.0.3239.132, webStorageEnabled: true}Session ID: a65de2dfd85306945ab1ff9205dcebc7*** Element info: {Using=id, value=ztb-profile-image-pre}]]>
            </message>
            <full-stacktrace>
              <![CDATA[java.lang.AssertionError: no such element: Unable to locate element: {"method":"id","selector":"ztb-profile-image-pre"}  (Session info: chrome=63.0.3239.132)  (Driver info: chromedriver=2.33.506120 (e3e53437346286c0bc2d2dc9aa4915ba81d9023f),platform=Windows NT 10.0.16299 x86_64) (WARNING: The server did not provide any stacktrace information)Command duration or timeout: 0 millisecondsFor documentation on this error, please visit: http://seleniumhq.org/exceptions/no_such_element.htmlBuild info: version: '3.8.1', revision: '6e95a6684b', time: '2017-12-01T18:33:54.468Z'System info: host: 'DESKTOP-1ESRFEC', ip: '192.168.1.10', os.name: 'Windows 10', os.arch: 'amd64', os.version: '10.0', java.version: '1.8.0_144'Driver info: org.openqa.selenium.chrome.ChromeDriverCapabilities {acceptSslCerts: true, applicationCacheEnabled: false, browserConnectionEnabled: false, browserName: chrome, chrome: {chromedriverVersion: 2.33.506120 (e3e53437346286..., userDataDir: C:\Users\jayav\AppData\Loca...}, cssSelectorsEnabled: true, databaseEnabled: false, handlesAlerts: true, hasTouchScreen: false, javascriptEnabled: true, locationContextEnabled: true, mobileEmulationEnabled: false, nativeEvents: true, networkConnectionEnabled: false, pageLoadStrategy: normal, platform: XP, platformName: XP, rotatable: false, setWindowRect: true, takesHeapSnapshot: true, takesScreenshot: true, unexpectedAlertBehaviour: , unhandledPromptBehavior: , version: 63.0.3239.132, webStorageEnabled: true}Session ID: a65de2dfd85306945ab1ff9205dcebc7*** Element info: {Using=id, value=ztb-profile-image-pre}at org.testng.Assert.fail(Assert.java:96)at com.qtpselenium.Zoho.project.BaseTest.Testcase_BaseClass.reportFail(Testcase_BaseClass.java:204)at com.qtpselenium.Zoho.project.BaseTest.Testcase_BaseClass.getElement(Testcase_BaseClass.java:123)at com.qtpselenium.Zoho.project.BaseTest.Testcase_BaseClass.click(Testcase_BaseClass.java:87)at com.qtpselenium.Zoho.project.testcases.LoginTest.loginTest(LoginTest.java:51)at sun.reflect.NativeMethodAccessorImpl.invoke0(Native Method)at sun.reflect.NativeMethodAccessorImpl.invoke(Unknown Source)at sun.reflect.DelegatingMethodAccessorImpl.invoke(Unknown Source)at java.lang.reflect.Method.invoke(Unknown Source)at org.testng.internal.MethodInvocationHelper.invokeMethod(MethodInvocationHelper.java:124)at org.testng.internal.Invoker.invokeMethod(Invoker.java:571)at org.testng.internal.Invoker.invokeTestMethod(Invoker.java:707)at org.testng.internal.Invoker.invokeTestMethods(Invoker.java:979)at org.testng.internal.TestMethodWorker.invokeTestMethods(TestMethodWorker.java:125)at org.testng.internal.TestMethodWorker.run(TestMethodWorker.java:109)at org.testng.TestRunner.privateRun(TestRunner.java:648)at org.testng.TestRunner.run(TestRunner.java:505)at org.testng.SuiteRunner.runTest(SuiteRunner.java:455)at org.testng.SuiteRunner.runSequentially(SuiteRunner.java:450)at org.testng.SuiteRunner.privateRun(SuiteRunner.java:415)at org.testng.SuiteRunner.run(SuiteRunner.java:364)at org.testng.SuiteRunnerWorker.runSuite(SuiteRunnerWorker.java:52)at org.testng.SuiteRunnerWorker.run(SuiteRunnerWorker.java:84)at org.testng.TestNG.runSuitesSequentially(TestNG.java:1187)at org.testng.TestNG.runSuitesLocally(TestNG.java:1116)at org.testng.TestNG.runSuites(TestNG.java:1028)at org.testng.TestNG.run(TestNG.java:996)at org.testng.remote.AbstractRemoteTestNG.run(AbstractRemoteTestNG.java:114)at org.testng.remote.RemoteTestNG.initAndRun(RemoteTestNG.java:251)at org.testng.remote.RemoteTestNG.main(RemoteTestNG.java:77)]]>
            </full-stacktrace>
          </exception> <!-- java.lang.AssertionError -->
          <reporter-output>
          </reporter-output>
        </test-method> <!-- loginTest -->
      </class> <!-- com.qtpselenium.Zoho.project.testcases.LoginTest -->
      <class name="com.qtpselenium.Zoho.project.testcases.LeadTest">
        <test-method status="PASS" signature="createLead(java.lang.String, java.lang.String, java.lang.String, java.lang.String)[pri:1, instance:com.qtpselenium.Zoho.project.testcases.LeadTest@40e6dfe1]" name="createLead" duration-ms="38967" started-at="2018-02-13T12:08:35Z" data-provider="getTestData1" finished-at="2018-02-13T12:09:14Z">
          <params>
            <param index="0">
              <value>
                <![CDATA[Y]]>
              </value>
            </param>
            <param index="1">
              <value>
                <![CDATA[Mozilla]]>
              </value>
            </param>
            <param index="2">
              <value>
                <![CDATA[RATAN TATA]]>
              </value>
            </param>
            <param index="3">
              <value>
                <![CDATA[Rama]]>
              </value>
            </param>
          </params>
          <reporter-output>
          </reporter-output>
        </test-method> <!-- createLead -->
        <test-method status="PASS" signature="createLead(java.lang.String, java.lang.String, java.lang.String, java.lang.String)[pri:1, instance:com.qtpselenium.Zoho.project.testcases.LeadTest@40e6dfe1]" name="createLead" duration-ms="38295" started-at="2018-02-13T12:09:14Z" data-provider="getTestData1" finished-at="2018-02-13T12:09:52Z">
          <params>
            <param index="0">
              <value>
                <![CDATA[Y]]>
              </value>
            </param>
            <param index="1">
              <value>
                <![CDATA[Chrome]]>
              </value>
            </param>
            <param index="2">
              <value>
                <![CDATA[Ruby]]>
              </value>
            </param>
            <param index="3">
              <value>
                <![CDATA[Rajesh]]>
              </value>
            </param>
          </params>
          <reporter-output>
          </reporter-output>
        </test-method> <!-- createLead -->
        <test-method status="FAIL" signature="createLead(java.lang.String, java.lang.String, java.lang.String, java.lang.String)[pri:1, instance:com.qtpselenium.Zoho.project.testcases.LeadTest@40e6dfe1]" name="createLead" duration-ms="21459" started-at="2018-02-13T12:09:52Z" data-provider="getTestData1" finished-at="2018-02-13T12:10:14Z">
          <params>
            <param index="0">
              <value>
                <![CDATA[Y]]>
              </value>
            </param>
            <param index="1">
              <value>
                <![CDATA[IE]]>
              </value>
            </param>
            <param index="2">
              <value>
                <![CDATA[FCFSS]]>
              </value>
            </param>
            <param index="3">
              <value>
                <![CDATA[Sreelatha]]>
              </value>
            </param>
          </params>
          <exception class="java.lang.AssertionError">
            <message>
              <![CDATA[Unable to find element with css selector == #lidFor documentation on this error, please visit: http://seleniumhq.org/exceptions/no_such_element.htmlBuild info: version: '3.8.1', revision: '6e95a6684b', time: '2017-12-01T18:33:54.468Z'System info: host: 'DESKTOP-1ESRFEC', ip: '192.168.1.10', os.name: 'Windows 10', os.arch: 'amd64', os.version: '10.0', java.version: '1.8.0_144'Driver info: org.openqa.selenium.ie.InternetExplorerDriverCapabilities {acceptInsecureCerts: false, browserName: internet explorer, browserVersion: 11, javascriptEnabled: true, pageLoadStrategy: normal, platform: WINDOWS, platformName: WINDOWS, se:ieOptions: {browserAttachTimeout: 0, elementScrollBehavior: 0, enablePersistentHover: true, ie.browserCommandLineSwitches: , ie.ensureCleanSession: false, ie.fileUploadDialogTimeout: 3000, ie.forceCreateProcessApi: false, ignoreProtectedModeSettings: false, ignoreZoomSetting: false, initialBrowserUrl: http://localhost:38425/, nativeEvents: true, requireWindowFocus: false}, setWindowRect: true}Session ID: 680dad16-bd2e-4669-9bbb-ad64d66344ac*** Element info: {Using=id, value=lid}]]>
            </message>
            <full-stacktrace>
              <![CDATA[java.lang.AssertionError: Unable to find element with css selector == #lidFor documentation on this error, please visit: http://seleniumhq.org/exceptions/no_such_element.htmlBuild info: version: '3.8.1', revision: '6e95a6684b', time: '2017-12-01T18:33:54.468Z'System info: host: 'DESKTOP-1ESRFEC', ip: '192.168.1.10', os.name: 'Windows 10', os.arch: 'amd64', os.version: '10.0', java.version: '1.8.0_144'Driver info: org.openqa.selenium.ie.InternetExplorerDriverCapabilities {acceptInsecureCerts: false, browserName: internet explorer, browserVersion: 11, javascriptEnabled: true, pageLoadStrategy: normal, platform: WINDOWS, platformName: WINDOWS, se:ieOptions: {browserAttachTimeout: 0, elementScrollBehavior: 0, enablePersistentHover: true, ie.browserCommandLineSwitches: , ie.ensureCleanSession: false, ie.fileUploadDialogTimeout: 3000, ie.forceCreateProcessApi: false, ignoreProtectedModeSettings: false, ignoreZoomSetting: false, initialBrowserUrl: http://localhost:38425/, nativeEvents: true, requireWindowFocus: false}, setWindowRect: true}Session ID: 680dad16-bd2e-4669-9bbb-ad64d66344ac*** Element info: {Using=id, value=lid}at org.testng.Assert.fail(Assert.java:96)at com.qtpselenium.Zoho.project.BaseTest.Testcase_BaseClass.reportFail(Testcase_BaseClass.java:204)at com.qtpselenium.Zoho.project.BaseTest.Testcase_BaseClass.getElement(Testcase_BaseClass.java:123)at com.qtpselenium.Zoho.project.BaseTest.Testcase_BaseClass.click(Testcase_BaseClass.java:87)at com.qtpselenium.Zoho.project.BaseTest.Testcase_BaseClass.doLogin(Testcase_BaseClass.java:226)at com.qtpselenium.Zoho.project.testcases.LeadTest.createLead(LeadTest.java:49)at sun.reflect.NativeMethodAccessorImpl.invoke0(Native Method)at sun.reflect.NativeMethodAccessorImpl.invoke(Unknown Source)at sun.reflect.DelegatingMethodAccessorImpl.invoke(Unknown Source)at java.lang.reflect.Method.invoke(Unknown Source)at org.testng.internal.MethodInvocationHelper.invokeMethod(MethodInvocationHelper.java:124)at org.testng.internal.Invoker.invokeMethod(Invoker.java:571)at org.testng.internal.Invoker.invokeTestMethod(Invoker.java:707)at org.testng.internal.Invoker.invokeTestMethods(Invoker.java:979)at org.testng.internal.TestMethodWorker.invokeTestMethods(TestMethodWorker.java:125)at org.testng.internal.TestMethodWorker.run(TestMethodWorker.java:109)at org.testng.TestRunner.privateRun(TestRunner.java:648)at org.testng.TestRunner.run(TestRunner.java:505)at org.testng.SuiteRunner.runTest(SuiteRunner.java:455)at org.testng.SuiteRunner.runSequentially(SuiteRunner.java:450)at org.testng.SuiteRunner.privateRun(SuiteRunner.java:415)at org.testng.SuiteRunner.run(SuiteRunner.java:364)at org.testng.SuiteRunnerWorker.runSuite(SuiteRunnerWorker.java:52)at org.testng.SuiteRunnerWorker.run(SuiteRunnerWorker.java:84)at org.testng.TestNG.runSuitesSequentially(TestNG.java:1187)at org.testng.TestNG.runSuitesLocally(TestNG.java:1116)at org.testng.TestNG.runSuites(TestNG.java:1028)at org.testng.TestNG.run(TestNG.java:996)at org.testng.remote.AbstractRemoteTestNG.run(AbstractRemoteTestNG.java:114)at org.testng.remote.RemoteTestNG.initAndRun(RemoteTestNG.java:251)at org.testng.remote.RemoteTestNG.main(RemoteTestNG.java:77)]]>
            </full-stacktrace>
          </exception> <!-- java.lang.AssertionError -->
          <reporter-output>
          </reporter-output>
        </test-method> <!-- createLead -->
        <test-method status="PASS" signature="createLead(java.lang.String, java.lang.String, java.lang.String, java.lang.String)[pri:1, instance:com.qtpselenium.Zoho.project.testcases.LeadTest@40e6dfe1]" name="createLead" duration-ms="37696" started-at="2018-02-13T12:10:14Z" data-provider="getTestData1" finished-at="2018-02-13T12:10:51Z">
          <params>
            <param index="0">
              <value>
                <![CDATA[Y]]>
              </value>
            </param>
            <param index="1">
              <value>
                <![CDATA[Chrome]]>
              </value>
            </param>
            <param index="2">
              <value>
                <![CDATA[JET]]>
              </value>
            </param>
            <param index="3">
              <value>
                <![CDATA[PremRatan]]>
              </value>
            </param>
          </params>
          <reporter-output>
          </reporter-output>
        </test-method> <!-- createLead -->
        <test-method status="FAIL" signature="convertLead(java.lang.String, java.lang.String, java.lang.String, java.lang.String)[pri:2, instance:com.qtpselenium.Zoho.project.testcases.LeadTest@40e6dfe1]" name="convertLead" duration-ms="31382" started-at="2018-02-13T12:10:51Z" data-provider="getTestData2" finished-at="2018-02-13T12:11:23Z">
          <params>
            <param index="0">
              <value>
                <![CDATA[Y]]>
              </value>
            </param>
            <param index="1">
              <value>
                <![CDATA[Mozilla]]>
              </value>
            </param>
            <param index="2">
              <value>
                <![CDATA[RATAN TATA]]>
              </value>
            </param>
            <param index="3">
              <value>
                <![CDATA[Rama]]>
              </value>
            </param>
          </params>
          <exception class="org.openqa.selenium.InvalidElementStateException">
            <message>
              <![CDATA[Element is not enabledBuild info: version: '3.8.1', revision: '6e95a6684b', time: '2017-12-01T18:33:54.468Z'System info: host: 'DESKTOP-1ESRFEC', ip: '192.168.1.10', os.name: 'Windows 10', os.arch: 'amd64', os.version: '10.0', java.version: '1.8.0_144'Driver info: org.openqa.selenium.firefox.FirefoxDriverCapabilities {acceptInsecureCerts: true, browserName: firefox, browserVersion: 56.0.2, javascriptEnabled: true, moz:accessibilityChecks: false, moz:headless: false, moz:processID: 16524, moz:profile: C:\Users\jayav\AppData\Loca..., pageLoadStrategy: normal, platform: XP, platformName: XP, platformVersion: 10.0, rotatable: false, specificationLevel: 0, timeouts: {implicit: 0, pageLoad: 300000, script: 30000}}Session ID: 1faac13e-46f8-485d-8da2-23b94fcfb058]]>
            </message>
            <full-stacktrace>
              <![CDATA[org.openqa.selenium.InvalidElementStateException: Element is not enabledBuild info: version: '3.8.1', revision: '6e95a6684b', time: '2017-12-01T18:33:54.468Z'System info: host: 'DESKTOP-1ESRFEC', ip: '192.168.1.10', os.name: 'Windows 10', os.arch: 'amd64', os.version: '10.0', java.version: '1.8.0_144'Driver info: org.openqa.selenium.firefox.FirefoxDriverCapabilities {acceptInsecureCerts: true, browserName: firefox, browserVersion: 56.0.2, javascriptEnabled: true, moz:accessibilityChecks: false, moz:headless: false, moz:processID: 16524, moz:profile: C:\Users\jayav\AppData\Loca..., pageLoadStrategy: normal, platform: XP, platformName: XP, platformVersion: 10.0, rotatable: false, specificationLevel: 0, timeouts: {implicit: 0, pageLoad: 300000, script: 30000}}Session ID: 1faac13e-46f8-485d-8da2-23b94fcfb058at sun.reflect.NativeConstructorAccessorImpl.newInstance0(Native Method)at sun.reflect.NativeConstructorAccessorImpl.newInstance(Unknown Source)at sun.reflect.DelegatingConstructorAccessorImpl.newInstance(Unknown Source)at java.lang.reflect.Constructor.newInstance(Unknown Source)at org.openqa.selenium.remote.http.W3CHttpResponseCodec.createException(W3CHttpResponseCodec.java:187)at org.openqa.selenium.remote.http.W3CHttpResponseCodec.decode(W3CHttpResponseCodec.java:122)at org.openqa.selenium.remote.http.W3CHttpResponseCodec.decode(W3CHttpResponseCodec.java:49)at org.openqa.selenium.remote.HttpCommandExecutor.execute(HttpCommandExecutor.java:164)at org.openqa.selenium.remote.service.DriverCommandExecutor.execute(DriverCommandExecutor.java:83)at org.openqa.selenium.remote.RemoteWebDriver.execute(RemoteWebDriver.java:601)at org.openqa.selenium.remote.RemoteWebElement.execute(RemoteWebElement.java:279)at org.openqa.selenium.remote.RemoteWebElement.click(RemoteWebElement.java:83)at com.qtpselenium.Zoho.project.BaseTest.Testcase_BaseClass.click(Testcase_BaseClass.java:87)at com.qtpselenium.Zoho.project.testcases.LeadTest.convertLead(LeadTest.java:201)at sun.reflect.NativeMethodAccessorImpl.invoke0(Native Method)at sun.reflect.NativeMethodAccessorImpl.invoke(Unknown Source)at sun.reflect.DelegatingMethodAccessorImpl.invoke(Unknown Source)at java.lang.reflect.Method.invoke(Unknown Source)at org.testng.internal.MethodInvocationHelper.invokeMethod(MethodInvocationHelper.java:124)at org.testng.internal.Invoker.invokeMethod(Invoker.java:571)at org.testng.internal.Invoker.invokeTestMethod(Invoker.java:707)at org.testng.internal.Invoker.invokeTestMethods(Invoker.java:979)at org.testng.internal.TestMethodWorker.invokeTestMethods(TestMethodWorker.java:125)at org.testng.internal.TestMethodWorker.run(TestMethodWorker.java:109)at org.testng.TestRunner.privateRun(TestRunner.java:648)at org.testng.TestRunner.run(TestRunner.java:505)at org.testng.SuiteRunner.runTest(SuiteRunner.java:455)at org.testng.SuiteRunner.runSequentially(SuiteRunner.java:450)at org.testng.SuiteRunner.privateRun(SuiteRunner.java:415)at org.testng.SuiteRunner.run(SuiteRunner.java:364)at org.testng.SuiteRunnerWorker.runSuite(SuiteRunnerWorker.java:52)at org.testng.SuiteRunnerWorker.run(SuiteRunnerWorker.java:84)at org.testng.TestNG.runSuitesSequentially(TestNG.java:1187)at org.testng.TestNG.runSuitesLocally(TestNG.java:1116)at org.testng.TestNG.runSuites(TestNG.java:1028)at org.testng.TestNG.run(TestNG.java:996)at org.testng.remote.AbstractRemoteTestNG.run(AbstractRemoteTestNG.java:114)at org.testng.remote.RemoteTestNG.initAndRun(RemoteTestNG.java:251)at org.testng.remote.RemoteTestNG.main(RemoteTestNG.java:77)]]>
            </full-stacktrace>
          </exception> <!-- org.openqa.selenium.InvalidElementStateException -->
          <reporter-output>
          </reporter-output>
        </test-method> <!-- convertLead -->
        <test-method status="PASS" signature="convertLead(java.lang.String, java.lang.String, java.lang.String, java.lang.String)[pri:2, instance:com.qtpselenium.Zoho.project.testcases.LeadTest@40e6dfe1]" name="convertLead" duration-ms="44943" started-at="2018-02-13T12:11:23Z" data-provider="getTestData2" finished-at="2018-02-13T12:12:08Z">
          <params>
            <param index="0">
              <value>
                <![CDATA[Y]]>
              </value>
            </param>
            <param index="1">
              <value>
                <![CDATA[Chrome]]>
              </value>
            </param>
            <param index="2">
              <value>
                <![CDATA[Ruby]]>
              </value>
            </param>
            <param index="3">
              <value>
                <![CDATA[Rajesh]]>
              </value>
            </param>
          </params>
          <reporter-output>
          </reporter-output>
        </test-method> <!-- convertLead -->
        <test-method status="FAIL" signature="convertLead(java.lang.String, java.lang.String, java.lang.String, java.lang.String)[pri:2, instance:com.qtpselenium.Zoho.project.testcases.LeadTest@40e6dfe1]" name="convertLead" duration-ms="19318" started-at="2018-02-13T12:12:08Z" data-provider="getTestData2" finished-at="2018-02-13T12:12:27Z">
          <params>
            <param index="0">
              <value>
                <![CDATA[Y]]>
              </value>
            </param>
            <param index="1">
              <value>
                <![CDATA[IE]]>
              </value>
            </param>
            <param index="2">
              <value>
                <![CDATA[FCFSS]]>
              </value>
            </param>
            <param index="3">
              <value>
                <![CDATA[Sreelatha]]>
              </value>
            </param>
          </params>
          <exception class="java.lang.AssertionError">
            <message>
              <![CDATA[Unable to find element with css selector == #lidFor documentation on this error, please visit: http://seleniumhq.org/exceptions/no_such_element.htmlBuild info: version: '3.8.1', revision: '6e95a6684b', time: '2017-12-01T18:33:54.468Z'System info: host: 'DESKTOP-1ESRFEC', ip: '192.168.1.10', os.name: 'Windows 10', os.arch: 'amd64', os.version: '10.0', java.version: '1.8.0_144'Driver info: org.openqa.selenium.ie.InternetExplorerDriverCapabilities {acceptInsecureCerts: false, browserName: internet explorer, browserVersion: 11, javascriptEnabled: true, pageLoadStrategy: normal, platform: WINDOWS, platformName: WINDOWS, se:ieOptions: {browserAttachTimeout: 0, elementScrollBehavior: 0, enablePersistentHover: true, ie.browserCommandLineSwitches: , ie.ensureCleanSession: false, ie.fileUploadDialogTimeout: 3000, ie.forceCreateProcessApi: false, ignoreProtectedModeSettings: false, ignoreZoomSetting: false, initialBrowserUrl: http://localhost:36092/, nativeEvents: true, requireWindowFocus: false}, setWindowRect: true}Session ID: f7fdd7da-67d1-4ee9-afee-4ea80d560dbf*** Element info: {Using=id, value=lid}]]>
            </message>
            <full-stacktrace>
              <![CDATA[java.lang.AssertionError: Unable to find element with css selector == #lidFor documentation on this error, please visit: http://seleniumhq.org/exceptions/no_such_element.htmlBuild info: version: '3.8.1', revision: '6e95a6684b', time: '2017-12-01T18:33:54.468Z'System info: host: 'DESKTOP-1ESRFEC', ip: '192.168.1.10', os.name: 'Windows 10', os.arch: 'amd64', os.version: '10.0', java.version: '1.8.0_144'Driver info: org.openqa.selenium.ie.InternetExplorerDriverCapabilities {acceptInsecureCerts: false, browserName: internet explorer, browserVersion: 11, javascriptEnabled: true, pageLoadStrategy: normal, platform: WINDOWS, platformName: WINDOWS, se:ieOptions: {browserAttachTimeout: 0, elementScrollBehavior: 0, enablePersistentHover: true, ie.browserCommandLineSwitches: , ie.ensureCleanSession: false, ie.fileUploadDialogTimeout: 3000, ie.forceCreateProcessApi: false, ignoreProtectedModeSettings: false, ignoreZoomSetting: false, initialBrowserUrl: http://localhost:36092/, nativeEvents: true, requireWindowFocus: false}, setWindowRect: true}Session ID: f7fdd7da-67d1-4ee9-afee-4ea80d560dbf*** Element info: {Using=id, value=lid}at org.testng.Assert.fail(Assert.java:96)at com.qtpselenium.Zoho.project.BaseTest.Testcase_BaseClass.reportFail(Testcase_BaseClass.java:204)at com.qtpselenium.Zoho.project.BaseTest.Testcase_BaseClass.getElement(Testcase_BaseClass.java:123)at com.qtpselenium.Zoho.project.BaseTest.Testcase_BaseClass.click(Testcase_BaseClass.java:87)at com.qtpselenium.Zoho.project.BaseTest.Testcase_BaseClass.doLogin(Testcase_BaseClass.java:226)at com.qtpselenium.Zoho.project.testcases.LeadTest.convertLead(LeadTest.java:164)at sun.reflect.NativeMethodAccessorImpl.invoke0(Native Method)at sun.reflect.NativeMethodAccessorImpl.invoke(Unknown Source)at sun.reflect.DelegatingMethodAccessorImpl.invoke(Unknown Source)at java.lang.reflect.Method.invoke(Unknown Source)at org.testng.internal.MethodInvocationHelper.invokeMethod(MethodInvocationHelper.java:124)at org.testng.internal.Invoker.invokeMethod(Invoker.java:571)at org.testng.internal.Invoker.invokeTestMethod(Invoker.java:707)at org.testng.internal.Invoker.invokeTestMethods(Invoker.java:979)at org.testng.internal.TestMethodWorker.invokeTestMethods(TestMethodWorker.java:125)at org.testng.internal.TestMethodWorker.run(TestMethodWorker.java:109)at org.testng.TestRunner.privateRun(TestRunner.java:648)at org.testng.TestRunner.run(TestRunner.java:505)at org.testng.SuiteRunner.runTest(SuiteRunner.java:455)at org.testng.SuiteRunner.runSequentially(SuiteRunner.java:450)at org.testng.SuiteRunner.privateRun(SuiteRunner.java:415)at org.testng.SuiteRunner.run(SuiteRunner.java:364)at org.testng.SuiteRunnerWorker.runSuite(SuiteRunnerWorker.java:52)at org.testng.SuiteRunnerWorker.run(SuiteRunnerWorker.java:84)at org.testng.TestNG.runSuitesSequentially(TestNG.java:1187)at org.testng.TestNG.runSuitesLocally(TestNG.java:1116)at org.testng.TestNG.runSuites(TestNG.java:1028)at org.testng.TestNG.run(TestNG.java:996)at org.testng.remote.AbstractRemoteTestNG.run(AbstractRemoteTestNG.java:114)at org.testng.remote.RemoteTestNG.initAndRun(RemoteTestNG.java:251)at org.testng.remote.RemoteTestNG.main(RemoteTestNG.java:77)]]>
            </full-stacktrace>
          </exception> <!-- java.lang.AssertionError -->
          <reporter-output>
          </reporter-output>
        </test-method> <!-- convertLead -->
        <test-method status="SKIP" signature="convertLead(java.lang.String, java.lang.String, java.lang.String, java.lang.String)[pri:2, instance:com.qtpselenium.Zoho.project.testcases.LeadTest@40e6dfe1]" name="convertLead" duration-ms="475" started-at="2018-02-13T12:12:27Z" data-provider="getTestData2" finished-at="2018-02-13T12:12:28Z">
          <params>
            <param index="0">
              <value>
                <![CDATA[N]]>
              </value>
            </param>
            <param index="1">
              <value>
                <![CDATA[Chrome]]>
              </value>
            </param>
            <param index="2">
              <value>
                <![CDATA[BHEL]]>
              </value>
            </param>
            <param index="3">
              <value>
                <![CDATA[Nagamani]]>
              </value>
            </param>
          </params>
          <exception class="org.testng.SkipException">
            <message>
              <![CDATA[Skipping testcase as runmode is N: CreateLead]]>
            </message>
            <full-stacktrace>
              <![CDATA[org.testng.SkipException: Skipping testcase as runmode is N: CreateLeadat com.qtpselenium.Zoho.project.testcases.LeadTest.convertLead(LeadTest.java:152)at sun.reflect.NativeMethodAccessorImpl.invoke0(Native Method)at sun.reflect.NativeMethodAccessorImpl.invoke(Unknown Source)at sun.reflect.DelegatingMethodAccessorImpl.invoke(Unknown Source)at java.lang.reflect.Method.invoke(Unknown Source)at org.testng.internal.MethodInvocationHelper.invokeMethod(MethodInvocationHelper.java:124)at org.testng.internal.Invoker.invokeMethod(Invoker.java:571)at org.testng.internal.Invoker.invokeTestMethod(Invoker.java:707)at org.testng.internal.Invoker.invokeTestMethods(Invoker.java:979)at org.testng.internal.TestMethodWorker.invokeTestMethods(TestMethodWorker.java:125)at org.testng.internal.TestMethodWorker.run(TestMethodWorker.java:109)at org.testng.TestRunner.privateRun(TestRunner.java:648)at org.testng.TestRunner.run(TestRunner.java:505)at org.testng.SuiteRunner.runTest(SuiteRunner.java:455)at org.testng.SuiteRunner.runSequentially(SuiteRunner.java:450)at org.testng.SuiteRunner.privateRun(SuiteRunner.java:415)at org.testng.SuiteRunner.run(SuiteRunner.java:364)at org.testng.SuiteRunnerWorker.runSuite(SuiteRunnerWorker.java:52)at org.testng.SuiteRunnerWorker.run(SuiteRunnerWorker.java:84)at org.testng.TestNG.runSuitesSequentially(TestNG.java:1187)at org.testng.TestNG.runSuitesLocally(TestNG.java:1116)at org.testng.TestNG.runSuites(TestNG.java:1028)at org.testng.TestNG.run(TestNG.java:996)at org.testng.remote.AbstractRemoteTestNG.run(AbstractRemoteTestNG.java:114)at org.testng.remote.RemoteTestNG.initAndRun(RemoteTestNG.java:251)at org.testng.remote.RemoteTestNG.main(RemoteTestNG.java:77)]]>
            </full-stacktrace>
          </exception> <!-- org.testng.SkipException -->
          <reporter-output>
          </reporter-output>
        </test-method> <!-- convertLead -->
        <test-method status="PASS" signature="DeleteLead(java.lang.String, java.lang.String, java.lang.String, java.lang.String)[pri:3, instance:com.qtpselenium.Zoho.project.testcases.LeadTest@40e6dfe1]" name="DeleteLead" duration-ms="43643" started-at="2018-02-13T12:12:28Z" data-provider="getTestData3" finished-at="2018-02-13T12:13:11Z">
          <params>
            <param index="0">
              <value>
                <![CDATA[Y]]>
              </value>
            </param>
            <param index="1">
              <value>
                <![CDATA[Chrome]]>
              </value>
            </param>
            <param index="2">
              <value>
                <![CDATA[JET]]>
              </value>
            </param>
            <param index="3">
              <value>
                <![CDATA[PremRatan]]>
              </value>
            </param>
          </params>
          <reporter-output>
          </reporter-output>
        </test-method> <!-- DeleteLead -->
      </class> <!-- com.qtpselenium.Zoho.project.testcases.LeadTest -->
      <class name="com.qtpselenium.Zoho.project.testcases.DealTest">
        <test-method status="PASS" signature="init()[pri:0, instance:com.qtpselenium.Zoho.project.testcases.DealTest@2890c451]" name="init" is-config="true" duration-ms="16" started-at="2018-02-13T12:06:33Z" finished-at="2018-02-13T12:06:33Z">
          <reporter-output>
          </reporter-output>
        </test-method> <!-- init -->
        <test-method status="PASS" signature="init()[pri:0, instance:com.qtpselenium.Zoho.project.testcases.LeadTest@40e6dfe1]" name="init" is-config="true" duration-ms="1" started-at="2018-02-13T12:06:33Z" finished-at="2018-02-13T12:06:33Z">
          <reporter-output>
          </reporter-output>
        </test-method> <!-- init -->
        <test-method status="PASS" signature="init()[pri:0, instance:com.qtpselenium.Zoho.project.testcases.LoginTest@2145433b]" name="init" is-config="true" duration-ms="0" started-at="2018-02-13T12:06:33Z" finished-at="2018-02-13T12:06:33Z">
          <reporter-output>
          </reporter-output>
        </test-method> <!-- init -->
        <test-method status="PASS" signature="createDeal(java.lang.String, java.lang.String, java.lang.String, java.lang.String, java.lang.String, java.lang.String)[pri:1, instance:com.qtpselenium.Zoho.project.testcases.DealTest@2890c451]" name="createDeal" duration-ms="42358" started-at="2018-02-13T12:07:14Z" data-provider="getDealTestData1" finished-at="2018-02-13T12:07:56Z">
          <params>
            <param index="0">
              <value>
                <![CDATA[Y]]>
              </value>
            </param>
            <param index="1">
              <value>
                <![CDATA[Mozilla]]>
              </value>
            </param>
            <param index="2">
              <value>
                <![CDATA[Deal1]]>
              </value>
            </param>
            <param index="3">
              <value>
                <![CDATA[RATAN TATA]]>
              </value>
            </param>
            <param index="4">
              <value>
                <![CDATA[3/15/2018]]>
              </value>
            </param>
            <param index="5">
              <value>
                <![CDATA[Qualification]]>
              </value>
            </param>
          </params>
          <reporter-output>
          </reporter-output>
        </test-method> <!-- createDeal -->
        <test-method status="PASS" signature="createDeal(java.lang.String, java.lang.String, java.lang.String, java.lang.String, java.lang.String, java.lang.String)[pri:1, instance:com.qtpselenium.Zoho.project.testcases.DealTest@2890c451]" name="createDeal" duration-ms="38675" started-at="2018-02-13T12:07:56Z" data-provider="getDealTestData1" finished-at="2018-02-13T12:08:35Z">
          <params>
            <param index="0">
              <value>
                <![CDATA[Y]]>
              </value>
            </param>
            <param index="1">
              <value>
                <![CDATA[Chrome]]>
              </value>
            </param>
            <param index="2">
              <value>
                <![CDATA[Deal2]]>
              </value>
            </param>
            <param index="3">
              <value>
                <![CDATA[Ruby]]>
              </value>
            </param>
            <param index="4">
              <value>
                <![CDATA[5/30/2018]]>
              </value>
            </param>
            <param index="5">
              <value>
                <![CDATA[Value Proposition]]>
              </value>
            </param>
          </params>
          <reporter-output>
          </reporter-output>
        </test-method> <!-- createDeal -->
        <test-method status="PASS" signature="DeleteLead()[pri:2, instance:com.qtpselenium.Zoho.project.testcases.DealTest@2890c451]" name="DeleteLead" duration-ms="2" started-at="2018-02-13T12:10:51Z" finished-at="2018-02-13T12:10:51Z">
          <reporter-output>
          </reporter-output>
        </test-method> <!-- DeleteLead -->
        <test-method status="PASS" signature="quit()[pri:0, instance:com.qtpselenium.Zoho.project.testcases.DealTest@2890c451]" name="quit" is-config="true" duration-ms="90" started-at="2018-02-13T12:13:11Z" finished-at="2018-02-13T12:13:11Z">
          <reporter-output>
          </reporter-output>
        </test-method> <!-- quit -->
        <test-method status="PASS" signature="quit()[pri:0, instance:com.qtpselenium.Zoho.project.testcases.LeadTest@40e6dfe1]" name="quit" is-config="true" duration-ms="50" started-at="2018-02-13T12:13:11Z" finished-at="2018-02-13T12:13:11Z">
          <reporter-output>
          </reporter-output>
        </test-method> <!-- quit -->
        <test-method status="PASS" signature="quit()[pri:0, instance:com.qtpselenium.Zoho.project.testcases.LoginTest@2145433b]" name="quit" is-config="true" duration-ms="55" started-at="2018-02-13T12:13:11Z" finished-at="2018-02-13T12:13:11Z">
          <reporter-output>
          </reporter-output>
        </test-method> <!-- quit -->
      </class> <!-- com.qtpselenium.Zoho.project.testcases.DealTest -->
    </test> <!-- Test -->
  </suite> <!-- Suite -->
</testng-results>
